Unity Editor version:    2022.3.53f1 (df4e529d20d3)
Branch:                  2022.3/staging
Build type:              Release
Batch mode:              YES
System name:             Linux
Distro version:          #202405300957~1732141768~22.04~f2697e1 SMP PREEMPT_DYNAMIC Wed N
Kernel version:          6.9.3-76060903-generic
Architecture:            x86_64
Available memory:        15777 MB
Using pre-set license
Pro License: YES
Desktop is 1920 x 1080 @ 60 Hz
Initialize udev device monitor.

COMMAND LINE ARGUMENTS:
Unity
-adb2
-batchMode
-noUpm
-name
AssetImportWorker0
-projectPath
/home/vinicioslugli/Documentos/scripts/inteli/learning-unity-vr/UnityProject
-logFile
Logs/AssetImportWorker0.log
-srvPort
34729
Successfully changed project path to: /home/vinicioslugli/Documentos/scripts/inteli/learning-unity-vr/UnityProject
/home/vinicioslugli/Documentos/scripts/inteli/learning-unity-vr/UnityProject
[UnityMemory] Configuration Parameters - Can be set up in boot.config
    "memorysetup-bucket-allocator-granularity=16"
    "memorysetup-bucket-allocator-bucket-count=8"
    "memorysetup-bucket-allocator-block-size=33554432"
    "memorysetup-bucket-allocator-block-count=8"
    "memorysetup-main-allocator-block-size=16777216"
    "memorysetup-thread-allocator-block-size=16777216"
    "memorysetup-gfx-main-allocator-block-size=16777216"
    "memorysetup-gfx-thread-allocator-block-size=16777216"
    "memorysetup-cache-allocator-block-size=4194304"
    "memorysetup-typetree-allocator-block-size=2097152"
    "memorysetup-profiler-bucket-allocator-granularity=16"
    "memorysetup-profiler-bucket-allocator-bucket-count=8"
    "memorysetup-profiler-bucket-allocator-block-size=33554432"
    "memorysetup-profiler-bucket-allocator-block-count=8"
    "memorysetup-profiler-allocator-block-size=16777216"
    "memorysetup-profiler-editor-allocator-block-size=1048576"
    "memorysetup-temp-allocator-size-main=16777216"
    "memorysetup-job-temp-allocator-block-size=2097152"
    "memorysetup-job-temp-allocator-block-size-background=1048576"
    "memorysetup-job-temp-allocator-reduction-small-platforms=262144"
    "memorysetup-allocator-temp-initial-block-size-main=262144"
    "memorysetup-allocator-temp-initial-block-size-worker=262144"
    "memorysetup-temp-allocator-size-background-worker=32768"
    "memorysetup-temp-allocator-size-job-worker=262144"
    "memorysetup-temp-allocator-size-preload-manager=33554432"
    "memorysetup-temp-allocator-size-nav-mesh-worker=65536"
    "memorysetup-temp-allocator-size-audio-worker=65536"
    "memorysetup-temp-allocator-size-cloud-worker=32768"
    "memorysetup-temp-allocator-size-gi-baking-worker=262144"
    "memorysetup-temp-allocator-size-gfx=262144"
Player connection [130077373461440]  Target information:

Player connection [130077373461440]  * "[IP] 10.150.3.28 [Port] 0 [Flags] 2 [Guid] 3161025105 [EditorId] 3161025105 [Version] 1048832 [Id] LinuxEditor(16,10.150.3.28) [Debug] 1 [PackageName] LinuxEditor [ProjectName] Editor" 

Player connection [130077373461440]  * "[IP] 172.18.0.1 [Port] 0 [Flags] 2 [Guid] 3161025105 [EditorId] 3161025105 [Version] 1048832 [Id] LinuxEditor(16,10.150.3.28) [Debug] 1 [PackageName] LinuxEditor [ProjectName] Editor" 

Player connection [130077373461440]  * "[IP] 172.17.0.1 [Port] 0 [Flags] 2 [Guid] 3161025105 [EditorId] 3161025105 [Version] 1048832 [Id] LinuxEditor(16,10.150.3.28) [Debug] 1 [PackageName] LinuxEditor [ProjectName] Editor" 

Player connection [130077373461440]  * "[IP] 172.19.0.1 [Port] 0 [Flags] 2 [Guid] 3161025105 [EditorId] 3161025105 [Version] 1048832 [Id] LinuxEditor(16,10.150.3.28) [Debug] 1 [PackageName] LinuxEditor [ProjectName] Editor" 

Player connection [130077373461440]  * "[IP] 172.21.0.1 [Port] 0 [Flags] 2 [Guid] 3161025105 [EditorId] 3161025105 [Version] 1048832 [Id] LinuxEditor(16,10.150.3.28) [Debug] 1 [PackageName] LinuxEditor [ProjectName] Editor" 

Player connection [130077373461440]  * "[IP] 172.20.0.1 [Port] 0 [Flags] 2 [Guid] 3161025105 [EditorId] 3161025105 [Version] 1048832 [Id] LinuxEditor(16,10.150.3.28) [Debug] 1 [PackageName] LinuxEditor [ProjectName] Editor" 

Player connection [130077373461440]  * "[IP] 172.22.0.1 [Port] 0 [Flags] 2 [Guid] 3161025105 [EditorId] 3161025105 [Version] 1048832 [Id] LinuxEditor(16,10.150.3.28) [Debug] 1 [PackageName] LinuxEditor [ProjectName] Editor" 

Player connection [130077373461440] Host joined multi-casting on [225.0.0.222:54997]...
Player connection [130077373461440] Host joined alternative multi-casting on [225.0.0.222:34997]...
[PhysX] Initialized MultithreadedTaskDispatcher with 8 workers.
Refreshing native plugins compatible for Editor in 2,04 ms, found 0 plugins.
Preloading 0 native plugins for Editor in 0,00 ms.
Initialize engine version: 2022.3.53f1 (df4e529d20d3)
[Subsystems] Discovering subsystems at path /home/vinicioslugli/Unity/Hub/Editor/2022.3.53f1/Editor/Data/Resources/UnitySubsystems
[Subsystems] Discovering subsystems at path /home/vinicioslugli/Documentos/scripts/inteli/learning-unity-vr/UnityProject/Assets
GLX Extensions: GLX_ARB_context_flush_control GLX_ARB_create_context GLX_ARB_create_context_no_error GLX_ARB_create_context_profile GLX_ARB_create_context_robustness GLX_ARB_fbconfig_float GLX_ARB_framebuffer_sRGB GLX_ARB_get_proc_address GLX_ARB_multisample GLX_EXT_buffer_age GLX_EXT_create_context_es2_profile GLX_EXT_create_context_es_profile GLX_EXT_fbconfig_packed_float GLX_EXT_framebuffer_sRGB GLX_EXT_no_config_context GLX_EXT_swap_control GLX_EXT_swap_control_tear GLX_EXT_texture_from_pixmap GLX_EXT_visual_info GLX_EXT_visual_rating GLX_INTEL_swap_event GLX_MESA_copy_sub_buffer GLX_MESA_gl_interop GLX_MESA_query_renderer GLX_MESA_swap_control GLX_OML_sync_control GLX_SGIS_multisample GLX_SGIX_fbconfig GLX_SGIX_pbuffer GLX_SGIX_visual_select_group GLX_SGI_make_current_read GLX_SGI_swap_control GLX_SGI_video_sync 
Renderer: Mesa Intel(R) UHD Graphics (CML GT2)
Vendor:   Intel
Version:  4.6 (Core Profile) Mesa 24.0.3-1pop1~1711635559~22.04~7a9f319
GLES:     0
 GL_3DFX_texture_compression_FXT1 GL_AMD_conservative_depth GL_AMD_depth_clamp_separate GL_AMD_draw_buffers_blend GL_AMD_gpu_shader_int64 GL_AMD_multi_draw_indirect GL_AMD_performance_monitor GL_AMD_pinned_memory GL_AMD_query_buffer_object GL_AMD_seamless_cubemap_per_texture GL_AMD_shader_stencil_export GL_AMD_shader_trinary_minmax GL_AMD_texture_texture4 GL_AMD_vertex_shader_layer GL_AMD_vertex_shader_viewport_index GL_ANGLE_texture_compression_dxt3 GL_ANGLE_texture_compression_dxt5 GL_ARB_ES2_compatibility GL_ARB_ES3_1_compatibility GL_ARB_ES3_2_compatibility GL_ARB_ES3_compatibility GL_ARB_arrays_of_arrays GL_ARB_base_instance GL_ARB_blend_func_extended GL_ARB_buffer_storage GL_ARB_clear_buffer_object GL_ARB_clear_texture GL_ARB_clip_control GL_ARB_compressed_texture_pixel_storage GL_ARB_compute_shader GL_ARB_compute_variable_group_size GL_ARB_conditional_render_inverted GL_ARB_conservative_depth GL_ARB_copy_buffer GL_ARB_copy_image GL_ARB_cull_distance GL_ARB_debug_output GL_ARB_depth_buffer_float GL_ARB
_depth_clamp GL_ARB_derivative_control GL_ARB_direct_state_access GL_ARB_draw_buffers GL_ARB_draw_buffers_blend GL_ARB_draw_elements_base_vertex GL_ARB_draw_indirect GL_ARB_draw_instanced GL_ARB_enhanced_layouts GL_ARB_explicit_attrib_location GL_ARB_explicit_uniform_location GL_ARB_fragment_coord_conventions GL_ARB_fragment_layer_viewport GL_ARB_fragment_shader GL_ARB_fragment_shader_interlock GL_ARB_framebuffer_no_attachments GL_ARB_framebuffer_object GL_ARB_framebuffer_sRGB GL_ARB_get_program_binary GL_ARB_get_texture_sub_image GL_ARB_gl_spirv GL_ARB_gpu_shader5 GL_ARB_gpu_shader_fp64 GL_ARB_gpu_shader_int64 GL_ARB_half_float_pixel GL_ARB_half_float_vertex GL_ARB_indirect_parameters GL_ARB_instanced_arrays GL_ARB_internalformat_query GL_ARB_internalformat_query2 GL_ARB_invalidate_subdata GL_ARB_map_buffer_alignment GL_ARB_map_buffer_range GL_ARB_multi_bind GL_ARB_multi_draw_indirect GL_ARB_occlusion_query2 GL_ARB_parallel_shader_compile GL_ARB_pipeline_statistics_query GL_ARB_pixel_buffer_object GL_ARB_po
int_sprite GL_ARB_polygon_offset_clamp GL_ARB_post_depth_coverage GL_ARB_program_interface_query GL_ARB_provoking_vertex GL_ARB_query_buffer_object GL_ARB_robust_buffer_access_behavior GL_ARB_robustness GL_ARB_sample_shading GL_ARB_sampler_objects GL_ARB_seamless_cube_map GL_ARB_seamless_cubemap_per_texture GL_ARB_separate_shader_objects GL_ARB_shader_atomic_counter_ops GL_ARB_shader_atomic_counters GL_ARB_shader_ballot GL_ARB_shader_bit_encoding GL_ARB_shader_clock GL_ARB_shader_draw_parameters GL_ARB_shader_group_vote GL_ARB_shader_image_load_store GL_ARB_shader_image_size GL_ARB_shader_objects GL_ARB_shader_precision GL_ARB_shader_stencil_export GL_ARB_shader_storage_buffer_object GL_ARB_shader_subroutine GL_ARB_shader_texture_image_samples GL_ARB_shader_texture_lod GL_ARB_shader_viewport_layer_array GL_ARB_shading_language_420pack GL_ARB_shading_language_include GL_ARB_shading_language_packing GL_ARB_spirv_extensions GL_ARB_stencil_texturing GL_ARB_sync GL_ARB_tessellation_shader GL_ARB_texture_barrier G
L_ARB_texture_border_clamp GL_ARB_texture_buffer_object GL_ARB_texture_buffer_object_rgb32 GL_ARB_texture_buffer_range GL_ARB_texture_compression_bptc GL_ARB_texture_compression_rgtc GL_ARB_texture_cube_map_array GL_ARB_texture_filter_anisotropic GL_ARB_texture_float GL_ARB_texture_gather GL_ARB_texture_mirror_clamp_to_edge GL_ARB_texture_multisample GL_ARB_texture_non_power_of_two GL_ARB_texture_query_levels GL_ARB_texture_query_lod GL_ARB_texture_rectangle GL_ARB_texture_rg GL_ARB_texture_rgb10_a2ui GL_ARB_texture_stencil8 GL_ARB_texture_storage GL_ARB_texture_storage_multisample GL_ARB_texture_swizzle GL_ARB_texture_view GL_ARB_timer_query GL_ARB_transform_feedback2 GL_ARB_transform_feedback3 GL_ARB_transform_feedback_instanced GL_ARB_transform_feedback_overflow_query GL_ARB_uniform_buffer_object GL_ARB_vertex_array_bgra GL_ARB_vertex_array_object GL_ARB_vertex_attrib_64bit GL_ARB_vertex_attrib_binding GL_ARB_vertex_buffer_object GL_ARB_vertex_shader GL_ARB_vertex_type_10f_11f_11f_rev GL_ARB_vertex_type_2
_10_10_10_rev GL_ARB_viewport_array GL_ATI_blend_equation_separate GL_ATI_texture_float GL_EXT_EGL_image_storage GL_EXT_EGL_sync GL_EXT_abgr GL_EXT_blend_equation_separate GL_EXT_debug_label GL_EXT_demote_to_helper_invocation GL_EXT_draw_buffers2 GL_EXT_draw_instanced GL_EXT_framebuffer_blit GL_EXT_framebuffer_multisample GL_EXT_framebuffer_multisample_blit_scaled GL_EXT_framebuffer_object GL_EXT_framebuffer_sRGB GL_EXT_memory_object GL_EXT_memory_object_fd GL_EXT_packed_depth_stencil GL_EXT_packed_float GL_EXT_pixel_buffer_object GL_EXT_polygon_offset_clamp GL_EXT_provoking_vertex GL_EXT_semaphore GL_EXT_semaphore_fd GL_EXT_shader_framebuffer_fetch GL_EXT_shader_framebuffer_fetch_non_coherent GL_EXT_shader_integer_mix GL_EXT_shader_samples_identical GL_EXT_texture_array GL_EXT_texture_compression_dxt1 GL_EXT_texture_compression_rgtc GL_EXT_texture_compression_s3tc GL_EXT_texture_filter_anisotropic GL_EXT_texture_integer GL_EXT_texture_sRGB GL_EXT_texture_sRGB_R8 GL_EXT_texture_sRGB_decode GL_EXT_texture_sha
dow_lod GL_EXT_texture_shared_exponent GL_EXT_texture_snorm GL_EXT_texture_swizzle GL_EXT_timer_query GL_EXT_transform_feedback GL_EXT_vertex_array_bgra GL_EXT_vertex_attrib_64bit GL_IBM_multimode_draw_arrays GL_INTEL_blackhole_render GL_INTEL_conservative_rasterization GL_INTEL_performance_query GL_INTEL_shader_atomic_float_minmax GL_INTEL_shader_integer_functions2 GL_KHR_blend_equation_advanced GL_KHR_blend_equation_advanced_coherent GL_KHR_context_flush_control GL_KHR_debug GL_KHR_no_error GL_KHR_parallel_shader_compile GL_KHR_robust_buffer_access_behavior GL_KHR_robustness GL_KHR_texture_compression_astc_ldr GL_KHR_texture_compression_astc_sliced_3d GL_MESA_framebuffer_flip_y GL_MESA_pack_invert GL_MESA_shader_integer_functions GL_MESA_texture_const_bandwidth GL_MESA_texture_signed_rgba GL_NV_alpha_to_coverage_dither_control GL_NV_compute_shader_derivatives GL_NV_conditional_render GL_NV_copy_image GL_NV_depth_clamp GL_NV_fragment_shader_interlock GL_NV_packed_depth_stencil GL_NV_texture_barrier GL_OES_E
GL_image GL_S3_s3tc
OPENGL LOG: Creating OpenGL 4.6 graphics device ; Context level  <OpenGL 4.5> ; Context handle -749746032
Initialize mono
Mono path[0] = '/home/vinicioslugli/Unity/Hub/Editor/2022.3.53f1/Editor/Data/Managed'
Mono path[1] = '/home/vinicioslugli/Unity/Hub/Editor/2022.3.53f1/Editor/Data/MonoBleedingEdge/lib/mono/unityjit-linux'
Mono config path = '/home/vinicioslugli/Unity/Hub/Editor/2022.3.53f1/Editor/Data/MonoBleedingEdge/etc'
Using monoOptions --debugger-agent=transport=dt_socket,embedding=1,server=y,suspend=n,address=127.0.0.1:56713
Begin MonoManager ReloadAssembly
Registering precompiled unity dll's ...
Register platform support module: /home/vinicioslugli/Unity/Hub/Editor/2022.3.53f1/Editor/Data/PlaybackEngines/WebGLSupport/UnityEditor.WebGL.Extensions.dll
Register platform support module: /home/vinicioslugli/Unity/Hub/Editor/2022.3.53f1/Editor/Data/PlaybackEngines/AndroidPlayer/UnityEditor.Android.Extensions.dll
Register platform support module: /home/vinicioslugli/Unity/Hub/Editor/2022.3.53f1/Editor/Data/PlaybackEngines/LinuxStandaloneSupport/UnityEditor.LinuxStandalone.Extensions.dll
Registered in 0,009975 seconds.
- Loaded All Assemblies, in  0,404 seconds
Native extension for LinuxStandalone target not found
Native extension for Android target not found
Android Extension - Scanning For ADB Devices 311 ms
Native extension for WebGL target not found
Mono: successfully reloaded assembly
- Finished resetting the current domain, in  0,726 seconds
Domain Reload Profiling: 1130ms
	BeginReloadAssembly (84ms)
		ExecutionOrderSort (0ms)
		DisableScriptedObjects (0ms)
		BackupInstance (0ms)
		ReleaseScriptingObjects (0ms)
		CreateAndSetChildDomain (1ms)
	RebuildCommonClasses (42ms)
	RebuildNativeTypeToScriptingClass (10ms)
	initialDomainReloadingComplete (76ms)
	LoadAllAssembliesAndSetupDomain (191ms)
		LoadAssemblies (84ms)
		RebuildTransferFunctionScriptingTraits (0ms)
		AnalyzeDomain (189ms)
			TypeCache.Refresh (188ms)
				TypeCache.ScanAssembly (169ms)
			ScanForSourceGeneratedMonoScriptInfo (0ms)
			ResolveRequiredComponents (0ms)
	FinalizeReload (727ms)
		ReleaseScriptCaches (0ms)
		RebuildScriptCaches (0ms)
		SetupLoadedEditorAssemblies (663ms)
			LogAssemblyErrors (0ms)
			InitializePlatformSupportModulesInManaged (418ms)
			SetLoadedEditorAssemblies (7ms)
			RefreshPlugins (0ms)
			BeforeProcessingInitializeOnLoad (3ms)
			ProcessInitializeOnLoadAttributes (166ms)
			ProcessInitializeOnLoadMethodAttributes (69ms)
			AfterProcessingInitializeOnLoad (0ms)
			EditorAssembliesLoaded (0ms)
		ExecutionOrderSort2 (0ms)
		AwakeInstancesAfterBackupRestoration (0ms)
========================================================================
Worker process is ready to serve import requests
Caller must complete domain reload
Begin MonoManager ReloadAssembly
- Loaded All Assemblies, in  0,768 seconds
Native extension for LinuxStandalone target not found
Native extension for Android target not found
Native extension for WebGL target not found
Mono: successfully reloaded assembly
- Finished resetting the current domain, in  0,818 seconds
Domain Reload Profiling: 1586ms
	BeginReloadAssembly (169ms)
		ExecutionOrderSort (0ms)
		DisableScriptedObjects (7ms)
		BackupInstance (0ms)
		ReleaseScriptingObjects (0ms)
		CreateAndSetChildDomain (31ms)
	RebuildCommonClasses (46ms)
	RebuildNativeTypeToScriptingClass (12ms)
	initialDomainReloadingComplete (61ms)
	LoadAllAssembliesAndSetupDomain (480ms)
		LoadAssemblies (315ms)
		RebuildTransferFunctionScriptingTraits (0ms)
		AnalyzeDomain (248ms)
			TypeCache.Refresh (222ms)
				TypeCache.ScanAssembly (201ms)
			ScanForSourceGeneratedMonoScriptInfo (18ms)
			ResolveRequiredComponents (7ms)
	FinalizeReload (819ms)
		ReleaseScriptCaches (0ms)
		RebuildScriptCaches (0ms)
		SetupLoadedEditorAssemblies (588ms)
			LogAssemblyErrors (0ms)
			InitializePlatformSupportModulesInManaged (24ms)
			SetLoadedEditorAssemblies (5ms)
			RefreshPlugins (0ms)
			BeforeProcessingInitializeOnLoad (74ms)
			ProcessInitializeOnLoadAttributes (450ms)
			ProcessInitializeOnLoadMethodAttributes (30ms)
			AfterProcessingInitializeOnLoad (5ms)
			EditorAssembliesLoaded (0ms)
		ExecutionOrderSort2 (0ms)
		AwakeInstancesAfterBackupRestoration (5ms)
Launched and connected shader compiler UnityShaderCompiler after 0.01 seconds
Refreshing native plugins compatible for Editor in 1.13 ms, found 0 plugins.
Preloading 0 native plugins for Editor in 0.00 ms.
Unloading 3103 Unused Serialized files (Serialized files now loaded: 0)
Unloading 19 unused Assets / (45.4 KB). Loaded Objects now: 3571.
Memory consumption went from 113.8 MB to 113.8 MB.
Total: 5.146107 ms (FindLiveObjects: 0.366612 ms CreateObjectMapping: 0.337778 ms MarkObjects: 4.223436 ms  DeleteObjects: 0.216909 ms)

AssetImportParameters requested are different than current active one (requested -> active):
  custom:container-demuxer-ogg: 62fdf1f143b41e24485cea50d1cbac27 -> 
  custom:video-decoder-ogg-theora: a1e56fd34408186e4bbccfd4996cb3dc -> 
  custom:CustomObjectIndexerAttribute: 232f87dd983dbecb2a4e21e08eb2cef8 -> 
  custom:container-demuxer-webm: 4f35f7cbe854078d1ac9338744f61a02 -> 
  custom:container-muxer-webm: aa71ff27fc2769a1b78a27578f13a17b -> 
  custom:video-decoder-webm-vp8: 9c59270c3fd7afecdb556c50c9e8de78 -> 
  custom:SearchIndexIgnoredProperties: e643bd26f0fe6173181afceb89e7c659 -> 
  custom:AudioImporter_EditorPlatform: 2f0ff77a95e0ac474e3e8eeba4e2f7cb -> 
  custom:video-encoder-webm-vp8: eb34c28f22e8b96e1ab97ce403110664 -> 
  custom:audio-decoder-ogg-vorbis: bf7c407c2cedff20999df2af8eb42d56 -> 
  custom:audio-encoder-webm-vorbis: bf7c407c2cedff20999df2af8eb42d56 -> 
========================================================================
Received Import Request.
  Time since last request: 4999.219359 seconds.
  path: Assets
  artifactKey: Guid(00000000000000001000000000000000) Importer(815301076,1909f56bfc062723c751e8b465ee728b)
Start importing Assets using Guid(00000000000000001000000000000000) Importer(815301076,1909f56bfc062723c751e8b465ee728b) [PhysX] Initialized MultithreadedTaskDispatcher with 8 workers.
 -> (artifact id: 'ae5280ad91af67e2a353905758f96678') in 0.002729 seconds
Number of updated asset objects reloaded before import = 0
Number of asset objects unloaded after import = 0
========================================================================
Received Import Request.
  Time since last request: 2490.626016 seconds.
  path: Assets/Models
  artifactKey: Guid(93541979b48dbe7f5ba286d5eef5e466) Importer(815301076,1909f56bfc062723c751e8b465ee728b)
Start importing Assets/Models using Guid(93541979b48dbe7f5ba286d5eef5e466) Importer(815301076,1909f56bfc062723c751e8b465ee728b) [PhysX] Initialized MultithreadedTaskDispatcher with 8 workers.
 -> (artifact id: 'c3fbcf5ccb4a90504de6181556ef9629') in 0.000939 seconds
Number of updated asset objects reloaded before import = 0
Number of asset objects unloaded after import = 0
========================================================================
Received Import Request.
  Time since last request: 1.062070 seconds.
  path: Assets/Models/gojo
  artifactKey: Guid(3966beb7520cb62df956a4ec752efead) Importer(815301076,1909f56bfc062723c751e8b465ee728b)
Start importing Assets/Models/gojo using Guid(3966beb7520cb62df956a4ec752efead) Importer(815301076,1909f56bfc062723c751e8b465ee728b) [PhysX] Initialized MultithreadedTaskDispatcher with 8 workers.
 -> (artifact id: '1e4a3c0382d831fce8e4683c45b2d3d5') in 0.000548 seconds
Number of updated asset objects reloaded before import = 0
Number of asset objects unloaded after import = 0
========================================================================
Received Import Request.
  Time since last request: 0.402628 seconds.
  path: Assets/Models/minecraft_village
  artifactKey: Guid(2bb81bbc14f0cb41cb25dbbf76a7c5cd) Importer(815301076,1909f56bfc062723c751e8b465ee728b)
Start importing Assets/Models/minecraft_village using Guid(2bb81bbc14f0cb41cb25dbbf76a7c5cd) Importer(815301076,1909f56bfc062723c751e8b465ee728b) [PhysX] Initialized MultithreadedTaskDispatcher with 8 workers.
 -> (artifact id: '9d89efa2df3f73f0ce887fe9388ba9b7') in 0.000663 seconds
Number of updated asset objects reloaded before import = 0
Number of asset objects unloaded after import = 0
========================================================================
Received Import Request.
  Time since last request: 2.664181 seconds.
  path: Assets/Models/minecraft_village/scene.bin
  artifactKey: Guid(3a2ee2667b4ad83268b457bb042039a9) Importer(815301076,1909f56bfc062723c751e8b465ee728b)
Start importing Assets/Models/minecraft_village/scene.bin using Guid(3a2ee2667b4ad83268b457bb042039a9) Importer(815301076,1909f56bfc062723c751e8b465ee728b) [PhysX] Initialized MultithreadedTaskDispatcher with 8 workers.
 -> (artifact id: '7ff99ac9c694dd4efb303be4f06131a3') in 0.016622 seconds
Number of updated asset objects reloaded before import = 0
Number of asset objects unloaded after import = 1
========================================================================
Received Import Request.
  Time since last request: 29.242538 seconds.
  path: Assets/Models/minecraft_village/textures
  artifactKey: Guid(05d08939971255da7a8812050fa9603b) Importer(815301076,1909f56bfc062723c751e8b465ee728b)
Start importing Assets/Models/minecraft_village/textures using Guid(05d08939971255da7a8812050fa9603b) Importer(815301076,1909f56bfc062723c751e8b465ee728b) [PhysX] Initialized MultithreadedTaskDispatcher with 8 workers.
 -> (artifact id: 'c228d836b5849edff847bb113cbe6069') in 0.000370 seconds
Number of updated asset objects reloaded before import = 0
Number of asset objects unloaded after import = 0
========================================================================
Received Import Request.
  Time since last request: 79.382149 seconds.
  path: Assets/Models/gojo/source
  artifactKey: Guid(20a03c0240c05fdebb372cb384b8281e) Importer(815301076,1909f56bfc062723c751e8b465ee728b)
Start importing Assets/Models/gojo/source using Guid(20a03c0240c05fdebb372cb384b8281e) Importer(815301076,1909f56bfc062723c751e8b465ee728b) [PhysX] Initialized MultithreadedTaskDispatcher with 8 workers.
 -> (artifact id: 'e75489b228ff0b3d111d3e664d0e75d6') in 0.000900 seconds
Number of updated asset objects reloaded before import = 0
Number of asset objects unloaded after import = 0
========================================================================
Received Import Request.
  Time since last request: 3.216294 seconds.
  path: Assets/Models/gojo/textures
  artifactKey: Guid(1aebb6bbcb632e64a8eedac387aa45e0) Importer(815301076,1909f56bfc062723c751e8b465ee728b)
Start importing Assets/Models/gojo/textures using Guid(1aebb6bbcb632e64a8eedac387aa45e0) Importer(815301076,1909f56bfc062723c751e8b465ee728b) [PhysX] Initialized MultithreadedTaskDispatcher with 8 workers.
 -> (artifact id: '62d6171a2f109dd0a14852718597c01b') in 0.001927 seconds
Number of updated asset objects reloaded before import = 0
Number of asset objects unloaded after import = 0
========================================================================
Received Import Request.
  Time since last request: 0.078590 seconds.
  path: Assets/Models/gojo/textures/gltf_embedded_0.png
  artifactKey: Guid(ab298e0de1643a1838c44374b4ecb3c1) Importer(815301076,1909f56bfc062723c751e8b465ee728b)
Start importing Assets/Models/gojo/textures/gltf_embedded_0.png using Guid(ab298e0de1643a1838c44374b4ecb3c1) Importer(815301076,1909f56bfc062723c751e8b465ee728b) [PhysX] Initialized MultithreadedTaskDispatcher with 8 workers.
[PhysX] Initialized MultithreadedTaskDispatcher with 8 workers.
 -> (artifact id: 'e0ecaf7cf2f50576a5d28d06865d07be') in 0.069723 seconds
Number of updated asset objects reloaded before import = 0
Number of asset objects unloaded after import = 2
========================================================================
Received Import Request.
  Time since last request: 26.568942 seconds.
  path: Assets/Models/gojo/scene.bin
  artifactKey: Guid(5d63cf2376ce1e6f9985be0401baa069) Importer(815301076,1909f56bfc062723c751e8b465ee728b)
Start importing Assets/Models/gojo/scene.bin using Guid(5d63cf2376ce1e6f9985be0401baa069) Importer(815301076,1909f56bfc062723c751e8b465ee728b) [PhysX] Initialized MultithreadedTaskDispatcher with 8 workers.
 -> (artifact id: '75b087f24b436d03b9f0fcd372f4a608') in 0.000928 seconds
Number of updated asset objects reloaded before import = 0
Number of asset objects unloaded after import = 1
========================================================================
Received Import Request.
  Time since last request: 36.158395 seconds.
  path: Assets/Models/gojo/license.txt
  artifactKey: Guid(768d01af8e546f674b6bb0be89c035e4) Importer(815301076,1909f56bfc062723c751e8b465ee728b)
Start importing Assets/Models/gojo/license.txt using Guid(768d01af8e546f674b6bb0be89c035e4) Importer(815301076,1909f56bfc062723c751e8b465ee728b) [PhysX] Initialized MultithreadedTaskDispatcher with 8 workers.
 -> (artifact id: 'bf597e8180b5bd970f51fa4c8f022f7c') in 0.001716 seconds
Number of updated asset objects reloaded before import = 0
Number of asset objects unloaded after import = 1
========================================================================
Received Import Request.
  Time since last request: 3.678265 seconds.
  path: Assets/Models/gojo/scene.gltf
  artifactKey: Guid(a9d63954b9338ecbf8d9bd6af20fa456) Importer(815301076,1909f56bfc062723c751e8b465ee728b)
Start importing Assets/Models/gojo/scene.gltf using Guid(a9d63954b9338ecbf8d9bd6af20fa456) Importer(815301076,1909f56bfc062723c751e8b465ee728b) [PhysX] Initialized MultithreadedTaskDispatcher with 8 workers.
 -> (artifact id: 'c64d77d21d0092ff16858b1def70655b') in 0.001160 seconds
Number of updated asset objects reloaded before import = 0
Number of asset objects unloaded after import = 1
========================================================================
Received Prepare
Caller must complete domain reload
Begin MonoManager ReloadAssembly
Unrecognized thread niceness after calling setpriority. Target niceness is -6 and actual niceness is 6
- Loaded All Assemblies, in  1.660 seconds
Native extension for LinuxStandalone target not found
Native extension for Android target not found
Native extension for WebGL target not found
Package Manager log level set to [2]
[Package Manager] Server::EnsureServerProcessIsRunning -- launch failed, reason: Unity was launched with the -noUpm command-line argument
[Package Manager] UpmClient::Send -- Unable to send message (not connected to UPM process).
[Package Manager] Cannot connect to Unity Package Manager local server
Mono: successfully reloaded assembly
- Finished resetting the current domain, in  1.858 seconds
Domain Reload Profiling: 3516ms
	BeginReloadAssembly (461ms)
		ExecutionOrderSort (0ms)
		DisableScriptedObjects (15ms)
		BackupInstance (0ms)
		ReleaseScriptingObjects (0ms)
		CreateAndSetChildDomain (100ms)
	RebuildCommonClasses (222ms)
	RebuildNativeTypeToScriptingClass (27ms)
	initialDomainReloadingComplete (139ms)
	LoadAllAssembliesAndSetupDomain (807ms)
		LoadAssemblies (857ms)
		RebuildTransferFunctionScriptingTraits (0ms)
		AnalyzeDomain (240ms)
			TypeCache.Refresh (184ms)
				TypeCache.ScanAssembly (164ms)
			ScanForSourceGeneratedMonoScriptInfo (45ms)
			ResolveRequiredComponents (9ms)
	FinalizeReload (1859ms)
		ReleaseScriptCaches (0ms)
		RebuildScriptCaches (0ms)
		SetupLoadedEditorAssemblies (920ms)
			LogAssemblyErrors (0ms)
			InitializePlatformSupportModulesInManaged (57ms)
			SetLoadedEditorAssemblies (6ms)
			RefreshPlugins (0ms)
			BeforeProcessingInitializeOnLoad (106ms)
			ProcessInitializeOnLoadAttributes (623ms)
			ProcessInitializeOnLoadMethodAttributes (117ms)
			AfterProcessingInitializeOnLoad (11ms)
			EditorAssembliesLoaded (0ms)
		ExecutionOrderSort2 (0ms)
		AwakeInstancesAfterBackupRestoration (9ms)
Refreshing native plugins compatible for Editor in 1.55 ms, found 0 plugins.
Preloading 0 native plugins for Editor in 0.00 ms.
Unloading 3740 Unused Serialized files (Serialized files now loaded: 0)
Unloading 33 unused Assets / (0.7 MB). Loaded Objects now: 4203.
Memory consumption went from 129.9 MB to 129.3 MB.
Total: 8.583295 ms (FindLiveObjects: 0.383864 ms CreateObjectMapping: 0.374383 ms MarkObjects: 6.863340 ms  DeleteObjects: 0.959315 ms)

Prepare: number of updated asset objects reloaded= 0
AssetImportParameters requested are different than current active one (requested -> active):
  custom:scripting/monoscript/fileName/IJobBurstSchedulable.cs: b6e06c07f5c6bc961caf27d1af5dcc7a -> 
  custom:scripting/precompiled-assembly-types:Unity.Collections.Editor: 17a2c29eb18a6d0bac0ad4051a669537 -> 
  custom:scripting/monoscript/fileName/Common.cs: 6ffc11e45ee8ab7a7d4178988978e63b -> 
  custom:scripting/monoscript/fileName/uint3x3.gen.cs: b354ea0e62ee3ca695eba400f73bf8a2 -> 
  custom:scripting/monoscript/fileName/StandardMaterialExport.cs: 592ef7ee80af89dc27f9475aeba8ff99 -> 
  custom:scripting/monoscript/fileName/BurstCompiler.cs: 7b21670e31210e9f8a136d10cb1b9317 -> 
  custom:scripting/monoscript/fileName/Deprecated.cs: f7e0183fb5e90c758470b0aa24c8d93b -> 
  custom:scripting/monoscript/fileName/MaterialTransmission.cs: d420990723615d4dd1898a0acc1ba9db -> 
  custom:scripting/monoscript/fileName/BurstDisassembler.Core.Wasm.info.cs: b15d06942db1ac71042be253eef84e7f -> 
  custom:scripting/monoscript/fileName/double4.gen.cs: c861322ff5ab8c01e3e4b508791cf124 -> 
  custom:scripting/monoscript/fileName/GameObjectInstantiator.cs: ec54409074271468670cb43e29b2482a -> 
  custom:scripting/monoscript/fileName/rigid_transform.cs: 36bbdd985ffacdf5ee0745cfd3a1f08d -> 
  custom:scripting/monoscript/fileName/CollectionsAllocationExamples.cs: 72ea6f1c8990c690aca4410bcc8d43b6 -> 
  custom:scripting/monoscript/fileName/AnimationUtils.cs: 8f6f25f941ebb934700581795257c3be -> 
  custom:scripting/monoscript/fileName/FixedList.gen.cs: 61852e4544d489e0d5903eb98b98e308 -> 
  custom:scripting/monoscript/fileName/Image.cs: 6de57a38a15ba12fcae94a37a624e92b -> f32195bbbc1ca9edcb6c8c6185597e40
  custom:scripting/monoscript/fileName/JobsILPostProcessor.cs: 3f303034a10abbfb33aebc2c253ab939 -> 
  custom:scripting/monoscript/fileName/PropertyAttributes.cs: f9be6ff8022c2b7e9364b782f234d192 -> 
  custom:scripting/monoscript/fileName/MeshResult.cs: 87e7b4b85f5e2af1578d2c10e856c3f2 -> 
  custom:scripting/monoscript/fileName/BurstInspectorGUI.cs: 3b3371d5330c1720f59a915caa210691 -> 
  custom:scripting/monoscript/fileName/RootExtensions.cs: 3bfb9bc127f2bb15d1f828f9b976761d -> 
  custom:scripting/monoscript/fileName/MaterialSpecular.cs: 874e4ffda02efa090040d44fe8d8a648 -> 
  custom:scripting/monoscript/fileName/affine_transform.cs: ea7249476585feff13aa54bd2ccb69b0 -> 
  custom:scripting/monoscript/fileName/Aliasing.cs: fa54b7e36cebab64c6f4b438ce5bbbb0 -> 
  custom:scripting/monoscript/fileName/BurstAotCompiler.cs: a41b7d0d053e0898c09eec7c4f1c3c21 -> 
  custom:scripting/monoscript/fileName/uint4x4.gen.cs: 7732c53bd697b7eb03dd735297da0fc1 -> 
  custom:scripting/monoscript/fileName/OrmImageExport.cs: b7834502e6f517e58a1fb2080088f06e -> 
  custom:container-demuxer-ogg: 62fdf1f143b41e24485cea50d1cbac27 -> 
  custom:scripting/monoscript/fileName/int2.gen.cs: ba08380188673eb89fbe6c63125635e5 -> 
  custom:scripting/monoscript/fileName/v64.cs: 73e2a46ccd31f5cae0a785e2a9658313 -> 
  custom:scripting/monoscript/fileName/Avx2.cs: 790f25d56fba1e7a48c0a0766c0ad6a6 -> 
  custom:scripting/monoscript/fileName/BurstDisassembler.Core.x86.cs: b15d06942db1ac71042be253eef84e7f -> 
  custom:scripting/monoscript/fileName/IMaterialGenerator.cs: 234fd68547b0fa280ed333d0ebfbc1af -> 
  custom:scripting/monoscript/fileName/PackageSetupCheck.cs: 82b94929364bc3d57268f49bcf56faaf -> 
  custom:scripting/precompiled-assembly-types:Unity.Burst.Unsafe: 4f83dd30d4d7964b63b36d2fe1e95684 -> 
  custom:scripting/monoscript/fileName/int4.gen.cs: 6202c51352f8408238811f81cf17884b -> 
  custom:scripting/monoscript/fileName/RootExtension.cs: c1c9761dce6316305d9d3be37530fa5d -> 
  custom:scripting/monoscript/fileName/AccessorSparse.cs: 0ef974a5f7f41555e09565401561fdef -> 
  custom:scripting/monoscript/fileName/IGltfBuffers.cs: 2c53990cec1c20f01b88877e7893f7a5 -> 
  custom:scripting/monoscript/fileName/noise3D.cs: 2eb29bf877494e27d7b8d68303a33727 -> 
  custom:scripting/monoscript/fileName/MaterialExportBase.cs: cce05ee43b746e0bd162fb41779b88b9 -> 
  custom:scripting/monoscript/fileName/BurstDisassembler.Core.LLVMIR.cs: b15d06942db1ac71042be253eef84e7f -> 
  custom:scripting/monoscript/fileName/ImportAddonInstance.cs: 20591bd4de3974083eeaf32e31aa1483 -> 
  custom:scripting/monoscript/fileName/float4x2.gen.cs: a70cf4e9d29e9357ba0e68d3ee43ce34 -> 
  custom:scripting/monoscript/fileName/Material.cs: 7bb910b8d6ec171ec4a8320af00867b8 -> 
  custom:scripting/monoscript/fileName/AnimationSampler.cs: 0ae8155a0eac3b4c4e00f4f239661504 -> 
  custom:scripting/monoscript/fileName/Bmi2.cs: 790f25d56fba1e7a48c0a0766c0ad6a6 -> 
  custom:scripting/monoscript/fileName/TextureComparer.cs: 8b79eb8bc0559674c5988f5ad20bfeb1 -> 
  custom:scripting/monoscript/fileName/LogMessages.cs: ffe5bf8d3d1782afddd40c7e07fb5259 -> 
  custom:scripting/monoscript/fileName/SimdDebugViews.cs: ee065a215655effb5244eeef3e220fd7 -> 
  custom:scripting/monoscript/fileName/DefaultDownloadProvider.cs: 4470230d4ba7d71af061e4b88b944eae -> 
  custom:scripting/monoscript/fileName/IDownload.cs: 363e01430c8bf195a7afc12a5e0ded4e -> 
  custom:scripting/monoscript/fileName/Root.cs: 6160a0d32e89499b0f0867070aaaae93 -> 
  custom:scripting/monoscript/fileName/BurstDisassembler.Core.ARM64.cs: b15d06942db1ac71042be253eef84e7f -> 
  custom:scripting/monoscript/fileName/UnsafeScratchAllocator.cs: 4face5614d3825fa48ae79289f69aa1b -> 
  custom:scripting/monoscript/fileName/half3.gen.cs: 935b3c49f9c5126f28352e4a48406e0a -> 
  custom:scripting/precompiled-assembly-types:Unity.Burst.Editor: 661e12c6ec832549c8a55160af306047 -> 
  custom:scripting/monoscript/fileName/PbrSpecularGlossiness.cs: 958049b6761c14eb98a23d0f14089167 -> 
  custom:scripting/monoscript/fileName/Bmi1.cs: 790f25d56fba1e7a48c0a0766c0ad6a6 -> 
  custom:scripting/monoscript/fileName/BurstCompatibilityTests.cs: 7d7c24becd314d1054104dfc27a7e1e1 -> 
  custom:scripting/monoscript/fileName/BurstDisassembler.Core.cs: e5f812d5efcd2a5c78433604ae4d6b38 -> 
  custom:scripting/monoscript/fileName/uint2x4.gen.cs: 817d68c720fa6aa9b67a61d7c1b206d0 -> 
  custom:scripting/monoscript/fileName/BitField.cs: 435cec31f980ea5ce1d1e89b13684a57 -> 
  custom:video-decoder-ogg-theora: a1e56fd34408186e4bbccfd4996cb3dc -> 
  custom:scripting/monoscript/fileName/NativeQueue.cs: 0e981ce8b9429d0fa5b8752248b5a6fd -> 
  custom:scripting/monoscript/fileName/bool4.gen.cs: ca7c0171e1585aef1c2900b66db0977a -> 
  custom:scripting/monoscript/fileName/CecilExtensionMethods.cs: 017bd73f50ff4a917914ebf884a3c046 -> 
  custom:scripting/monoscript/fileName/MaterialExport.cs: ac1fba8dc00b594b8cb81d227f6e6139 -> 
  custom:scripting/monoscript/fileName/UnsafeUtilityEx.cs: 51fdf80e1733ea661389b0969168e4eb -> 
  custom:scripting/monoscript/fileName/NativeArrayExtensions.cs: 480ae80e25a67512135651e8db7b75bc -> 
  custom:scripting/precompiled-assembly-types:Unity.Burst.CodeGen: 16c6c1c8fc0531945282884ffe84c4a6 -> 
  custom:scripting/monoscript/fileName/svd.cs: 348beec2ecc2e2db545a80433e4107e2 -> 
  custom:scripting/monoscript/fileName/BurstLoader.cs: ff77f8ae1ba38c1e7af1923752743ddf -> 
  custom:scripting/monoscript/fileName/GltfImport.cs: 0a96f6ee9dba71638c4dd211e14d3360 -> 
  custom:scripting/monoscript/fileName/float4x3.gen.cs: 82da2e74a1c9948cc673acd7425c23e5 -> 
  custom:scripting/monoscript/fileName/float3x4.gen.cs: f425eda36f0a9a6a9785ce693ab31c65 -> 
  custom:scripting/monoscript/fileName/bool4x4.gen.cs: 832d1ba72f52e457d65ecd6ca1ba2b2e -> 
  custom:scripting/monoscript/fileName/math_unity_conversion.cs: 717272b42fdbca1935830b3071b2da3c -> 
  custom:scripting/monoscript/fileName/DontDestroyOnLoad.cs: 5e5f30246f7d631a6cbf89148a933314 -> 
  custom:scripting/precompiled-assembly-types:Unity.Collections.DocCodeSamples: 138a529d9289a26179e097b42d023ce3 -> 
  custom:scripting/monoscript/fileName/double3x3.gen.cs: cf2bca4cc9e8b93d47929417a1a999f7 -> 
  custom:scripting/monoscript/fileName/NoAliasAttribute.cs: 47e40919f04b49dc8701e6216f1351d4 -> 
  custom:scripting/monoscript/fileName/NEON_AArch64_crypto.cs: 68ba95faf7f0f0403852fb6af2a2f956 -> 
  custom:scripting/monoscript/fileName/MaterialExtension.cs: a080f2b1012a6ffa3e74ffbdf6765fa4 -> 
  custom:scripting/monoscript/fileName/BuiltInMaterialGenerator.cs: 7d57361bb2fd5da6bf796e652fca4420 -> 
  custom:scripting/monoscript/fileName/UnsafeParallelHashSetExtensions.gen.cs: 08ce05b79144f37e3fa725c81fe15267 -> 
  custom:scripting/monoscript/fileName/UTF8ArrayUnsafeUtility.cs: 98dd75294b6f494d8648143302130ee6 -> 
  custom:scripting/monoscript/fileName/double3x2.gen.cs: 87fbe5b4a5a90e3c915d83933bb7a691 -> 
  custom:scripting/monoscript/fileName/MaterialUnlit.cs: a980dda70a436c6881ceb111c9e49ec1 -> 
  custom:scripting/monoscript/fileName/MaterialsVariantsSlotInstances.cs: d597cd2a10659c314ea3ca694ae572a5 -> 
  custom:scripting/monoscript/fileName/bool3x2.gen.cs: 6ad67e842e9f001f4905675e041c0394 -> 
  custom:scripting/monoscript/fileName/MaterialClearCoat.cs: ee2b407ed9762b30ff4fc1f08c7d3eee -> 
  custom:scripting/monoscript/fileName/EarlyInitHelpers.cs: 83f2ef803587502aa43a764bfaff3766 -> 
  custom:scripting/monoscript/fileName/half2.gen.cs: a6f90a50ab057fcfbb93f80dff9467ec -> 
  custom:scripting/monoscript/fileName/UninterruptedDeferAgent.cs: 1b5f0a782331cebabfedf274950cd759 -> 
  custom:scripting/monoscript/fileName/UvTransform.cs: 7fec2dc4547d48e98a29fb11bdab7cd1 -> 
  custom:scripting/monoscript/fileName/Il2CppEagerStaticClassConstructionAttribute.cs: 5ae90a36296d2fe83dd98e9361e907e8 -> 
  custom:scripting/monoscript/fileName/FixedStringFormat.gen.cs: bee80dd64417b695a3ab4edd137d6566 -> 
  custom:scripting/monoscript/fileName/v128.cs: e021cba7e9c369437e29248cab7adb92 -> 
  custom:scripting/monoscript/fileName/DefaultDeferAgent.cs: 9c605a9b5f73986dbcbdc3cac9a26e33 -> 
  custom:scripting/precompiled-assembly-types:Unity.Burst.Cecil.Pdb: 542ee58f25ed060f438b710d2d8b4fbd -> 
  custom:scripting/monoscript/fileName/cellular2x2.cs: 2eb29bf877494e27d7b8d68303a33727 -> 
  custom:scripting/precompiled-assembly-types:Unity.Burst: e5ecf968e7c3842f888fbf7514f731fb -> 
  custom:scripting/monoscript/fileName/half.cs: cf3f2b0bcee127ccdac6d87167bcc406 -> 
  custom:scripting/monoscript/fileName/MaterialsVariantsComponent.cs: fa7bad324f575a365f0603a2702ac70f -> 
  custom:scripting/monoscript/fileName/NativeSort.cs: 928f4174a21486fd6ff139d2de03d8ce -> 
  custom:scripting/monoscript/fileName/ImportAddonRegistry.cs: e5567f695f33f863e006b4d774c2afef -> 
  custom:scripting/monoscript/fileName/RenderPipelineUtils.cs: 427390c97cce8e55ec0815f51454c0a8 -> 
  custom:scripting/monoscript/fileName/Unicode.cs: f97bf556b0d99c0ed9d5ebf00a173353 -> 
  custom:scripting/monoscript/fileName/SharedStatic.cs: f05c0e41a9966bdff75df2ec1c0154e3 -> 
  custom:scripting/monoscript/fileName/GltfAssetEditor.cs: acedfe1a6930a3043e648d8b0c3334a3 -> 
  custom:scripting/monoscript/fileName/RegisterGenericJobTypeAttribute.cs: 1d60c181f5a8e659e1317e2ca71a691e -> 
  custom:scripting/monoscript/fileName/Sse3.cs: 790f25d56fba1e7a48c0a0766c0ad6a6 -> 
  custom:scripting/monoscript/fileName/Utils.cs: c218eacbbbaaf3a98fb69e78d195a84f -> 40c528c300bfc0733192292a788cb076
  custom:scripting/monoscript/fileName/noise3Dgrad.cs: 2eb29bf877494e27d7b8d68303a33727 -> 
  custom:scripting/monoscript/fileName/BurstDisassembler.Core.ARM64.info.cs: b15d06942db1ac71042be253eef84e7f -> 
  custom:scripting/monoscript/fileName/bool4x2.gen.cs: 5e92d30f937bc7e4e4a07b2b81c06b27 -> 
  custom:scripting/monoscript/fileName/Plane.cs: 69547098044c0683a5ff9d9b8674a0ba -> 
  custom:scripting/monoscript/fileName/InstantiationSettings.cs: e3c010e0ef7b92131158a998eac1826b -> 
  custom:scripting/monoscript/fileName/UnsafeAppendBuffer.cs: 5a9572fb3414d7d386993b9deda40896 -> 
  custom:scripting/monoscript/fileName/AccessorData.cs: a2be1bc50d8474cbeac7acd8f043bf0a -> 
  custom:scripting/monoscript/fileName/GlbBinChunk.cs: 46f6df09c8518e3dd8d00612851aee14 -> 
  custom:scripting/monoscript/fileName/IJobParallelForBurstSchedulable.cs: 62a263188bc9cf02c532293c26fa74bb -> 
  custom:scripting/monoscript/fileName/KhrLightsPunctual.cs: ab7254d6b9890e03367332cf32fc5c80 -> 
  custom:CustomObjectIndexerAttribute: 232f87dd983dbecb2a4e21e08eb2cef8 -> 
  custom:scripting/monoscript/fileName/classicnoise3D.cs: 2eb29bf877494e27d7b8d68303a33727 -> 
  custom:scripting/monoscript/fileName/AnimationChannelTarget.cs: d82c96bde816c23f8c496ff09b0db384 -> 
  custom:scripting/monoscript/fileName/MinMaxAABB.cs: 87e440667b74c17b186d7505988d93e6 -> 
  custom:scripting/monoscript/fileName/LightPunctual.cs: 26f87fe627099f3da1ea9a5bc33f3144 -> 
  custom:scripting/monoscript/fileName/NEON_AArch64_rdma.cs: 68ba95faf7f0f0403852fb6af2a2f956 -> 
  custom:scripting/monoscript/fileName/NativeParallelMultiHashMap.cs: 1e38321ac54bf0ebd0ddc433f96b1d0e -> 
  custom:scripting/monoscript/fileName/double2x2.gen.cs: 1b24b88380b01d73274245c8a3f891ca -> 
  custom:scripting/monoscript/fileName/UnsafeBitArray.cs: be9a302f17ebba9c8bfe6d9fc79836b3 -> 
  custom:scripting/monoscript/fileName/v256.cs: 47c636eb6f790c9afbde51106c5c5b53 -> 
  custom:scripting/monoscript/fileName/UserError.cs: e8271dc4b82776e36e2aa534dcd90f5e -> 
  custom:scripting/monoscript/fileName/FunctionPointerInvokeTransform.cs: 87582112a32f635e413c776846ec78de -> 
  custom:scripting/monoscript/fileName/Csr.cs: 790f25d56fba1e7a48c0a0766c0ad6a6 -> 
  custom:scripting/monoscript/fileName/GltfCamera.cs: 431a288fdf64132f89fa273a3e91a45b -> 
  custom:scripting/monoscript/fileName/float2x2.gen.cs: f203c6ed52cbda2033cd1859a76ab02f -> 
  custom:scripting/monoscript/fileName/GltfJsonUtilityParser.cs: 9fcccf57363e003fdce67a9adf4a9126 -> 
  custom:scripting/monoscript/fileName/CecilExtensions.cs: 300205ae85edbb88d6c0c35c47681451 -> 
  custom:scripting/monoscript/fileName/ExportSettings.cs: eab93109997cde3485aadfc966ecb3a3 -> 
  custom:scripting/precompiled-assembly-types:Mono.Cecil.Rocks: d98f994105b32bbc8f98a0bab029ed34 -> 
  custom:scripting/monoscript/fileName/GameObjectExportSettings.cs: 105f6e04b8ab4e029fb4f88c7d63e3fe -> 
  custom:container-demuxer-webm: 4f35f7cbe854078d1ac9338744f61a02 -> 
  custom:scripting/monoscript/fileName/BurstDisassembler.Core.x86.info.cs: b15d06942db1ac71042be253eef84e7f -> 
  custom:scripting/monoscript/fileName/bool2x4.gen.cs: 0202187d1d97b3838c3acec749a94370 -> 
  custom:scripting/monoscript/fileName/ImageExportBase.cs: 1554f4deec7d14c77c3f8ed9369c4eb9 -> 
  custom:scripting/monoscript/fileName/IMeshData.cs: 1b97ee493237955370bcdd1741ef024a -> 
  custom:scripting/monoscript/fileName/FixedStringParseMethods.cs: fcdca1abcdc2fd593bd0d11b27b9b2c5 -> 
  custom:scripting/monoscript/fileName/uint2x3.gen.cs: dc149d5147f76ef2e3b7b3e87df71cde -> 
  custom:scripting/monoscript/fileName/GenericContext.cs: 91513e0bd2facda2d12405e8de8d8a9b -> 
  custom:scripting/monoscript/fileName/IMaterialsVariantsSlotInstance.cs: 6bfe16c2220e5552946ec683e63c38bd -> 
  custom:scripting/monoscript/fileName/classicnoise4D.cs: 2eb29bf877494e27d7b8d68303a33727 -> 
  custom:scripting/monoscript/fileName/TextureExtensions.cs: 6d415b10716ad1c7d4c107fb76bd35c6 -> 
  custom:scripting/monoscript/fileName/int4x3.gen.cs: 8504016f71ab8b36158b7cb8a5461a8b -> 
  custom:scripting/monoscript/fileName/classicnoise2D.cs: 2eb29bf877494e27d7b8d68303a33727 -> 
  custom:scripting/monoscript/fileName/MatrixDrawer.cs: 54f407ec7134aa445531b0da7f5e0ded -> 
  custom:scripting/monoscript/fileName/NEON_AArch64.cs: 68ba95faf7f0f0403852fb6af2a2f956 -> 
  custom:scripting/precompiled-assembly-types:Unity.Collections.BurstCompatibilityGen: d26056d813c945132a21ff9f8750c98e -> 
  custom:scripting/monoscript/fileName/float2x4.gen.cs: 8f6e3792d53a47d3e0816efd26cbabde -> 
  custom:scripting/monoscript/fileName/Hint.cs: 35c736c413c7f058326ce656dfcde31e -> 
  custom:scripting/monoscript/fileName/JobReflectionDataPostProcessor.cs: e1f319111c11d6198fa53d79b59ba6d0 -> 
  custom:scripting/monoscript/fileName/BurstRuntime.cs: dd1cc6bb42ddae27b5305860068dfb8c -> 
  custom:scripting/monoscript/fileName/EditorDownloadProvider.cs: 9b266643f8f849c165491a51541247d1 -> 
  custom:scripting/monoscript/fileName/NamedObject.cs: f95dd6116e83a85880127f78ac2b85e9 -> 
  custom:scripting/monoscript/fileName/xxHash3.AVX2.cs: bbc99b1bfd2f994ebd53a189bfb34bc9 -> 
  custom:scripting/monoscript/fileName/matrix.gen.cs: 8040951fec6b586df3a34908a47f7536 -> 
  custom:scripting/monoscript/fileName/OcclusionTextureInfo.cs: b345f78bca8e668b903dc3302215ca28 -> 
  custom:scripting/monoscript/fileName/TextureTransform.cs: b0a4a443c993e30fee259d5ef0fb578c -> 
  custom:scripting/monoscript/fileName/ImportAddon.cs: fbf06aef3d5c027051df88fa49f51c16 -> 
  custom:scripting/monoscript/fileName/GltfAnimation.cs: 4b03e3f2ada54b750a99c35640c5be2a -> 
  custom:scripting/monoscript/fileName/PostNormalizedVectorDrawer.cs: 1e9cc5a1d5ea64a4691d9edff2f31467 -> 
  custom:scripting/monoscript/fileName/UnsafeStream.cs: 256399a9cf220f56a541766f1fe0b55f -> 
  custom:scripting/precompiled-assembly-types:glTFast.Documentation.Examples: daa9729dd1a4e3ac69ffb9652e522bea -> 
  custom:scripting/monoscript/fileName/TextureDownload.cs: ff5cc8f553522c6fcdddf4bef3f20871 -> 
  custom:scripting/monoscript/fileName/int2x4.gen.cs: 5edaa4c8e18b723d836f4e66d7a2ad24 -> 
  custom:scripting/monoscript/fileName/IDeferAgent.cs: c8758c5cbe5e66c1190e8ac0a7c3be24 -> 
  custom:scripting/monoscript/fileName/MultiMaterialsVariantsSlotInstances.cs: 8cb9c1be99d0738924ddb6833b3832db -> 
  custom:scripting/monoscript/fileName/VertexBufferBones.cs: ad4e66a969e11406454d8d6f60beb511 -> 
  custom:scripting/monoscript/fileName/Accessor.cs: 11153b8aeb78671bdf00cf73a469dc71 -> 
  custom:scripting/monoscript/fileName/double2.gen.cs: 9fcc709faf542a3c28101e289489d3c3 -> 
  custom:scripting/monoscript/fileName/MaterialGenerator.cs: 7a1e84e4f59380e7e5239b3ef4c25b3a -> 
  custom:scripting/precompiled-assembly-types:Mono.Cecil: ccd3eb1a29ea76869e665d6c237ddc80 -> 
  custom:scripting/monoscript/fileName/bool2x2.gen.cs: 4649c574bdda23c59b5d49d1b662bc61 -> 
  custom:scripting/monoscript/fileName/uint3x2.gen.cs: e9ed99b7eae876425b9236af5d545e3a -> 
  custom:scripting/precompiled-assembly-types:Unity.Burst.Cecil.Mdb: 267a0ac2928f725ab1cc9882bbfb898d -> 
  custom:scripting/precompiled-assembly-types:Unity.Mathematics: ff5514bea2f0b53d8e1b84ebf9e6911b -> 
  custom:scripting/monoscript/fileName/MeshPrimitiveComparer.cs: 043c2dd9f28538d860c3624bd2eec4b6 -> 
  custom:scripting/monoscript/fileName/MeshMaterialCombination.cs: 0953e3d2825874483cd91d5315248f04 -> 
  custom:scripting/monoscript/fileName/UriHelper.cs: 98493bb4996c3c173e0f1ee68c8a398a -> 
  custom:scripting/monoscript/fileName/HeapString.gen.cs: 2f8bea3137363b1eadd89d8db8473288 -> 
  custom:scripting/monoscript/fileName/AllocatorManager.cs: 38c7b2bd1aa48880a7078890d02430db -> 
  custom:scripting/monoscript/fileName/int2x2.gen.cs: 63739a46f5092b211c341383068e9d3a -> 
  custom:scripting/monoscript/fileName/UnsafeParallelHashSet.cs: 5e2ab9cfe81e04de31d18dbafae66b8c -> 
  custom:scripting/monoscript/fileName/NodeExtension.cs: 97d61e5844138f7bddda97b4e80d6282 -> 
  custom:scripting/monoscript/fileName/FixedStringAppendMethods.cs: fcdca1abcdc2fd593bd0d11b27b9b2c5 -> 
  custom:scripting/monoscript/fileName/uint3.gen.cs: 2439c557987b3f1dafd36143ddfb8c40 -> 
  custom:scripting/monoscript/fileName/SafeStringArrayHelper.cs: c8d46796c0d02dc9724140077fd6c374 -> 
  custom:scripting/monoscript/fileName/double4x4.gen.cs: d67599d4a9300cb241e4695cd70324ae -> 
  custom:scripting/monoscript/fileName/MaterialsVariantsExtension.cs: 3c83663bc9e1b589f2de0f2d083ee58a -> 
  custom:scripting/monoscript/fileName/InstantiationSettingsEditor.cs: 50c6ee2b1b46c1979d20674c446c7975 -> 
  custom:scripting/monoscript/fileName/IMaterialsVariantsProvider.cs: cb553bab35642159ca7d88e0a0d5932e -> 
  custom:scripting/monoscript/fileName/UnsafeParallelHashMap.cs: 8c2ef7a027d6725f567219b8c50f247e -> 
  custom:scripting/monoscript/fileName/FunctionPointer.cs: b278ab85034025b7289bef45e0874487 -> 
  custom:scripting/monoscript/fileName/Scene.cs: df5894b4a68cc6ade43d49fc1fc5649f -> 
  custom:scripting/monoscript/fileName/BurstDisassembler.Core.Wasm.cs: b15d06942db1ac71042be253eef84e7f -> 
  custom:scripting/monoscript/fileName/BufferViewExtensions.cs: c5296806d991d89868ffc3e496a98d65 -> 
  custom:scripting/monoscript/fileName/ShaderGUIBase.cs: f5089a6ac257c7db7f04c1098506160a -> 
  custom:container-muxer-webm: aa71ff27fc2769a1b78a27578f13a17b -> 
  custom:scripting/precompiled-assembly-types:Unity.Collections.CodeGen: 4967d61b017ec6c1e88a9e176f1d3f19 -> 
  custom:scripting/monoscript/fileName/bool2x3.gen.cs: c45708c9bd53a8b7f658164314a10c61 -> 
  custom:scripting/monoscript/fileName/AccessorSparseValues.cs: 98fd559e774579349dabfd3f54b591dc -> 
  custom:scripting/monoscript/fileName/Extensions.cs: 2f0c9f84c7a9b8d3dd04cd0b492d0472 -> 
  custom:scripting/monoscript/fileName/GltfBuiltInShaderMaterialExporter.cs: 9d86efcaf088341595e8aab980e8439c -> 
  custom:scripting/monoscript/fileName/LabeledPopup.cs: 87f082da9aa2abffd22a5b3019d4e188 -> 
  custom:scripting/monoscript/fileName/Sse2.cs: 790f25d56fba1e7a48c0a0766c0ad6a6 -> 
  custom:scripting/monoscript/fileName/MaterialPbrMetallicRoughness.cs: a9de34389ee8a9b91d27426e5454bf6a -> 
  custom:scripting/monoscript/fileName/math.cs: a047924d946a4a0ad272fa60e1f62976 -> 
  custom:scripting/monoscript/fileName/BurstDisassembler.cs: d51fb062bede2b9ca5d97ccc2e501c19 -> 
  custom:scripting/monoscript/fileName/double4x3.gen.cs: 0f480b77cbe2235a6a07fec4a8104303 -> 
  custom:video-decoder-webm-vp8: 9c59270c3fd7afecdb556c50c9e8de78 -> 
  custom:scripting/monoscript/fileName/BurstPlatformAotSettings.cs: e55a3d6d232eb892da58dcc30668a0b8 -> 
  custom:scripting/monoscript/fileName/IGltfWritable.cs: 8a0740fe3782416855214c9ea9f11bfa -> 
  custom:scripting/monoscript/fileName/BurstMath.cs: d94624ee519cab4bff493f67794b1527 -> 
  custom:scripting/monoscript/fileName/float3.gen.cs: 61e461104f30d07064c299c5ac2c9a3e -> 
  custom:scripting/monoscript/fileName/BurstCompileTarget.cs: 5a1d233d747b0d562e7d5017bb80886e -> 
  custom:scripting/monoscript/fileName/BurstReflection.cs: a904f9b2bf9ba0accae4702e11f47640 -> 
  custom:scripting/monoscript/fileName/Asset.cs: 35bb531bba839767c7950f0f3c95c59b -> 
  custom:scripting/monoscript/fileName/OnScriptsReloadHandler.cs: 1e2293ea2f06a3b4c41947088aa8bd7c -> 
  custom:scripting/monoscript/fileName/PrimitiveCreateContextBase.cs: 0d1f44d595052ce4af3b1d286a51a560 -> 
  custom:scripting/monoscript/fileName/int3.gen.cs: f3e7aece5ea81aaaacfae8f3b0dbf645 -> 
  custom:scripting/monoscript/fileName/Constant.cs: 9503cddf79e2a3fdeab51cc0257c4da1 -> 
  custom:scripting/monoscript/fileName/NonReadableMeshData.cs: 90647cc400823b41df847a6cbfc29026 -> 
  custom:scripting/monoscript/fileName/NEON_ctor.cs: 68ba95faf7f0f0403852fb6af2a2f956 -> 
  custom:scripting/monoscript/fileName/JobsMenu.cs: 2df7b5d475c31ebab4767437c73f47f4 -> 
  custom:scripting/monoscript/fileName/BufferView.cs: ee6094440ad864289a6a3004f6f0c461 -> 
  custom:scripting/monoscript/fileName/FixedStringFormatMethods.gen.cs: fcdca1abcdc2fd593bd0d11b27b9b2c5 -> 
  custom:scripting/monoscript/fileName/int3x3.gen.cs: dc1405f0f1704a2ec1efb4946b5d5f85 -> 
  custom:scripting/monoscript/fileName/MeshDataProxy.cs: 90647cc400823b41df847a6cbfc29026 -> 
  custom:scripting/monoscript/fileName/quaternion.cs: 0762c6482396ed4f34408952c0956647 -> 
  custom:scripting/monoscript/fileName/int4x4.gen.cs: e1c5029dddb71a1513ebdf470db7528e -> 
  custom:scripting/monoscript/fileName/RewindableAllocator.cs: ff203a8232e03cdb6b2db057c0882a0f -> 
  custom:scripting/monoscript/fileName/float4x4.gen.cs: a5bb36679a244217e37dd9fb5d3d2ed4 -> 
  custom:SearchIndexIgnoredProperties: e643bd26f0fe6173181afceb89e7c659 -> 
  custom:scripting/monoscript/fileName/double3x4.gen.cs: d3f6959e28d6480d7d5313a2c890e5a1 -> 
  custom:scripting/monoscript/fileName/bool4x3.gen.cs: 3b9b4adbcec8eec926ee3ca5bd1a9e49 -> 
  custom:scripting/precompiled-assembly-types:glTFast.Export: 303a13aaf72b81ebe0fcfaea18a17668 -> 
  custom:AudioImporter_EditorPlatform: 2f0ff77a95e0ac474e3e8eeba4e2f7cb -> 
  custom:scripting/monoscript/fileName/BurstMenu.cs: ba8f72dcdc01403dc080f70f4b855f19 -> 
  custom:scripting/precompiled-assembly-types:Unity.Burst.Cecil.Rocks: 437ffcd7628e1436004701f82021574b -> 
  custom:scripting/monoscript/fileName/half4.gen.cs: abea9356568c8480c38dd790db58969d -> 
  custom:scripting/monoscript/fileName/UnsafeParallelMultiHashMap.cs: 0ecf0b5b4a9207402e80b603ad9a119c -> 
  custom:scripting/monoscript/fileName/TextureInfoExtensions.cs: 13212a97b29aeae444ed5ced329ae373 -> 
  custom:scripting/monoscript/fileName/NativeStream.cs: f901789de80a9ec3530751f3f60eb2f8 -> 
  custom:scripting/monoscript/fileName/LightsPunctual.cs: cfd0af635a6d46675e06ceaf40711ea2 -> 
  custom:scripting/monoscript/fileName/IMaterialsVariantsSlot.cs: 910f5b8879365223db665cc0eac1dd65 -> 
  custom:scripting/monoscript/fileName/IgnoreWarningAttribute.cs: 95b6772ff35299aa9927da5e6696b2f1 -> 
  custom:scripting/monoscript/fileName/FixedString.gen.cs: 546503330a4423d9e22205762e6dc907 -> 
  custom:scripting/monoscript/fileName/ImageExport.cs: 1194f3416e2a5e5c133b7e4f04b26bfe -> 
  custom:scripting/monoscript/fileName/uint4x3.gen.cs: b01c5cd7a56bd5c67682617427bf7881 -> 
  custom:scripting/monoscript/fileName/ExportJobs.cs: 433e41fb00e0adbdef8cf0af2c73b842 -> 
  custom:scripting/monoscript/fileName/noise2D.cs: 2eb29bf877494e27d7b8d68303a33727 -> 
  custom:scripting/monoscript/fileName/VertexBufferTexCoords.cs: e2ed79b109aa14002be36eb5c8d180fa -> 
  custom:scripting/monoscript/fileName/IInstantiator.cs: f419a39dd0c345c63f46c3866387bc9d -> 
  custom:scripting/monoscript/fileName/AnimationChannel.cs: c0454fc9d3f9ba19f2fb78ee78cd9eac -> 
  custom:scripting/monoscript/fileName/BurstEditorOptions.cs: 9c5afa3a809e97579143a619b525af7f -> 
  custom:scripting/monoscript/fileName/bool2.gen.cs: 26e96b66e2dc8fbd46eb4ce6284c510a -> 
  custom:scripting/monoscript/fileName/GltfImporterEditor.cs: b8533bb5c5c506f0709f046574886b5e -> 
  custom:scripting/monoscript/fileName/NativeList.cs: 3e39181d220491b697fd73718c9e6b89 -> 
  custom:scripting/monoscript/fileName/GltfGlobals.cs: 9c51f72cbfa79f6cf9ae5b19d892dddc -> 
  custom:scripting/monoscript/fileName/TimeBudgetPerFrameDeferAgent.cs: 59420c6531406a5e69f109a7d6f7aa69 -> 
  custom:scripting/monoscript/fileName/VertexBufferConfig.cs: 90647cc400823b41df847a6cbfc29026 -> 
  custom:scripting/monoscript/fileName/BurstCompileAttribute.cs: f1834e5146c37c3c879fe10d3c8c9e49 -> 
  custom:scripting/monoscript/fileName/NativeParallelHashMap.cs: 0ecf0b5b4a9207402e80b603ad9a119c -> 
  custom:scripting/monoscript/fileName/bool3.gen.cs: 5af2629b3ff9dbb3bbfcc70064a35529 -> 
  custom:scripting/monoscript/fileName/uint4x2.gen.cs: b7591412c0d582e5dffe67f85a90dd0a -> 
  custom:scripting/precompiled-assembly-types:Mono.Cecil.Mdb: dfddc2d5e9570038a3ea8da067257c97 -> 
  custom:scripting/monoscript/fileName/int3x2.gen.cs: 3713def57441460b7d8181bf2ebb068b -> 
  custom:scripting/monoscript/fileName/random.cs: 773187f16d25a3763332e4d0e08067fb -> 
  custom:scripting/monoscript/fileName/ImportSettings.cs: dfcf42ac5db08e82f6fa467d53182cf4 -> 
  custom:scripting/monoscript/fileName/float4.gen.cs: b782c632ec38515e69077afe722e950b -> 
  custom:scripting/monoscript/fileName/uint3x4.gen.cs: 85b37160b72ca5d09aa390a0ed4ac5d3 -> 
  custom:scripting/monoscript/fileName/ICodeLogger.cs: ad7cc465ac755f2f9d5fc784e4b6b805 -> 
  custom:scripting/monoscript/fileName/float3x2.gen.cs: c82cdc670988a624afef0b4a59da9960 -> 
  custom:scripting/monoscript/fileName/NativeParallelHashSet.cs: 5e2ab9cfe81e04de31d18dbafae66b8c -> 
  custom:scripting/monoscript/fileName/BurstCompatibleAttribute.cs: 5516bac227e59cc058e743022f755993 -> 
  custom:scripting/monoscript/fileName/MeshPrimitive.cs: 798786dddb9776fb9e3bd6fd41b13d2d -> 
  custom:scripting/precompiled-assembly-types:glTFast.Editor: c6721a9fa8f03530fb6c97a4f3b6f395 -> 
  custom:scripting/monoscript/fileName/int4x2.gen.cs: 03019ae5b6ae2c22f6bcc41f109a6f3f -> 
  custom:scripting/monoscript/fileName/VertexBufferConfigBase.cs: d0257aca4c5254511ebc207b29019887 -> 
  custom:scripting/monoscript/fileName/UnsafeAtomicCounter.cs: 9e2f4dbe854338916842c8ff7fbe03de -> 
  custom:scripting/monoscript/fileName/GltfAssetDependency.cs: 173b9677138bbbca51daf5b3ac4c07ff -> 
  custom:scripting/monoscript/fileName/IMaterialExport.cs: eb33256bc45a98e1d4084eb95eabfb8b -> 
  custom:scripting/monoscript/fileName/EditorImportSettings.cs: d4c6f73f62158af9fb75c9c2dc22825c -> 
  custom:scripting/monoscript/fileName/FixedStringMethods.cs: fcdca1abcdc2fd593bd0d11b27b9b2c5 -> 
  custom:scripting/precompiled-assembly-types:Unity.Burst.Cecil: 997689720027a6523ba4efde94923b20 -> 
  custom:scripting/monoscript/fileName/double3.gen.cs: 377c7acd7948bf71aea5d8cf8236ee9b -> 
  custom:scripting/monoscript/fileName/UnsafeNotBurstCompatible.cs: 9920b2dcf54d07855dc87b05b9a22299 -> 
  custom:scripting/monoscript/fileName/SkipLocalsInitAttribute.cs: e4f8d5a888902955673e1ed6a9dfb76a -> 
  custom:scripting/monoscript/fileName/AssumeRangeAttribute.cs: d3abc900d6b7c73addcf3398d2779a03 -> 
  custom:scripting/monoscript/fileName/GltfUnlitMaterialExporter.cs: 51d7f0b83e4f43f72b8d306c012d0c7c -> 
  custom:scripting/monoscript/fileName/Fma.cs: 550ccd401d2d76d5e362c6ec284ceeaa -> 
  custom:scripting/monoscript/fileName/ExtraData.cs: d29896604eb5f7312f4b34ebb49ef24b -> 
  custom:scripting/monoscript/fileName/NodeLightsPunctual.cs: 7482b05474e49eaa3bd5009ba594d304 -> 
  custom:scripting/monoscript/fileName/StreamExtension.cs: 3103ce52298a1ee27f4d3ce549f4e430 -> 
  custom:scripting/monoscript/fileName/Sse.cs: 790f25d56fba1e7a48c0a0766c0ad6a6 -> 
  custom:scripting/monoscript/fileName/GltfAssetBase.cs: 5a7854b8bdd3bbee28b24f4c2fd48d1d -> 
  custom:scripting/monoscript/fileName/ImportSettingsEditor.cs: 20dc7c601773ea74daa9a51c42b21b12 -> 
  custom:scripting/monoscript/fileName/IJobParallelForDefer.cs: e07ef36294e1a6b9a754482355e9fda6 -> 
  custom:scripting/monoscript/fileName/ManagedNativeArray.cs: 90647cc400823b41df847a6cbfc29026 -> 
  custom:scripting/monoscript/fileName/JsonWriter.cs: e669f18227240565fd9507d4de2ef387 -> 
  custom:scripting/monoscript/fileName/PrimitiveCreateContext.cs: 8f10ed56e6f0f31bb5549dd4ca179fb4 -> 
  custom:scripting/monoscript/fileName/FixedStringInternalMethods.cs: fcdca1abcdc2fd593bd0d11b27b9b2c5 -> 
  custom:scripting/monoscript/fileName/ShaderGraphGUI.cs: 91fd2c53908a9d4dca0caac608f0a510 -> 
  custom:scripting/monoscript/fileName/uint2.gen.cs: f442e48493395c3c057fa324c1ed7700 -> 
  custom:scripting/monoscript/fileName/AssemblyResolver.cs: d02bbd84bf24106c236ab13c6c3d719f -> 
  custom:scripting/monoscript/fileName/float2x3.gen.cs: dd8be2164b904b64628efafb474868f4 -> 
  custom:scripting/monoscript/fileName/GltfImporter.cs: cd0df3a4b143db354b91c2bd7aa48a7d -> 
  custom:scripting/precompiled-assembly-types:Unity.Collections: 1d808f9a74a1faeb9d1b653e913ac98e -> 
  custom:scripting/monoscript/fileName/cellular2x2x2.cs: 2eb29bf877494e27d7b8d68303a33727 -> 
  custom:scripting/monoscript/fileName/matrix.cs: 17bd875ecbf69296bc7f1415237b5bf7 -> 
  custom:video-encoder-webm-vp8: eb34c28f22e8b96e1ab97ce403110664 -> 
  custom:scripting/monoscript/fileName/Sse4_2.cs: 550ccd401d2d76d5e362c6ec284ceeaa -> 
  custom:scripting/monoscript/fileName/cellular3D.cs: 2eb29bf877494e27d7b8d68303a33727 -> 
  custom:scripting/monoscript/fileName/VertexStructs.cs: ae1f404b9426d3af36c9ddabf997777b -> 
  custom:scripting/monoscript/fileName/IJobParallelForFilter.cs: df20d5af76497ee9382afe3d36f1f1f4 -> 
  custom:scripting/monoscript/fileName/MaterialProperty.cs: 089873f93590b29192893147b628dad6 -> 
  custom:scripting/monoscript/fileName/SimpleExport.cs: 0c06600620624b070a9ab8fc6dc4ae2d -> 
  custom:scripting/monoscript/fileName/NEON.cs: 68ba95faf7f0f0403852fb6af2a2f956 -> 
  custom:scripting/monoscript/fileName/bool3x4.gen.cs: dd64119ecce8747c9d345fc62ed63bff -> 
  custom:scripting/monoscript/fileName/IJobParallelForBatch.cs: adecca892a99db28fc24adbe7bd8588e -> 
  custom:audio-decoder-ogg-vorbis: bf7c407c2cedff20999df2af8eb42d56 -> 
  custom:scripting/monoscript/fileName/GameObjectBoundsInstantiator.cs: 3b941340e3bff4274f54494bae188b28 -> 
  custom:scripting/monoscript/fileName/ImageCreateContext.cs: abcabfbedd7b6ce64ca993edb5e3f690 -> 
  custom:scripting/monoscript/fileName/MetaMaterialExportBuiltIn.cs: 3595ce3d07335fdfe205e9bd3b19fd64 -> 
  custom:scripting/monoscript/fileName/SamplerKey.cs: 8c126b8c331dc4430cf4497c3c1b89e0 -> 
  custom:scripting/monoscript/fileName/NativeText.gen.cs: 963d74023cd13b0e64909bb76f1d047a -> 
  custom:scripting/monoscript/fileName/int2x3.gen.cs: 377af658550da76bc0efa7c5a755eb90 -> 
  custom:scripting/monoscript/fileName/ConcurrentMask.cs: d56a0fef284c9e5059f89974aedb695c -> 
  custom:scripting/monoscript/fileName/Avx.cs: 790f25d56fba1e7a48c0a0766c0ad6a6 -> 
  custom:scripting/precompiled-assembly-types:glTFast.dots: bae848875a35fe96f09fcc9f4e534600 -> 
  custom:scripting/monoscript/fileName/NativeReference.cs: 707aa775b4e3cc858cb239cb84a29e93 -> 
  custom:scripting/monoscript/fileName/MorphTargetContext.cs: 3bb6db0753bd4b90afbcf8be20e41cd7 -> 
  custom:scripting/monoscript/fileName/GltfAsset.cs: 9ed50c0abb2ae10e773877a7e88a7865 -> 
  custom:scripting/monoscript/fileName/CustomHeaderDownloadProvider.cs: fb049e1199740e51b870584d0a7b01fc -> 
  custom:scripting/monoscript/fileName/CollectingLogger.cs: b9af2399d0450dde59c68ed15bcecb17 -> 
  custom:scripting/monoscript/fileName/Popcnt.cs: 790f25d56fba1e7a48c0a0766c0ad6a6 -> 
  custom:scripting/monoscript/fileName/TextureInfo.cs: 9107e76fc44fc536d1935cd5b2a1c6fb -> 
  custom:scripting/monoscript/fileName/Ssse3.cs: 790f25d56fba1e7a48c0a0766c0ad6a6 -> 
  custom:scripting/monoscript/fileName/VertexAttributeUsage.cs: 537554bf0affd178a4724df1fa58de44 -> 
  custom:scripting/monoscript/fileName/NativeNotBurstCompatible.cs: 8e8b404b4fa69e1b7cea25947e47b9bd -> 
  custom:scripting/monoscript/fileName/double2x4.gen.cs: 685c5fa921181be1c5c2624181389ad3 -> 
  custom:scripting/monoscript/fileName/Jobs.cs: 8b8c24d6247264f7ca3dca03af33ea34 -> 
  custom:scripting/monoscript/fileName/ILPostProcessingLegacy.cs: 1474151453fb056da8fe50e6cda891db -> 
  custom:scripting/monoscript/fileName/CLILeakDetectionSwitcher.cs: 57bd385706945886454b568fb0644a83 -> 
  custom:scripting/monoscript/fileName/IBufferView.cs: c7f4444515f72836b4975d920ed20647 -> 
  custom:scripting/monoscript/fileName/uint4.gen.cs: 39973cd09553f87c6828ba478621c98d -> 
  custom:scripting/precompiled-assembly-types:Unity.Mathematics.Editor: 067e2f26d70b07279a04fc60a0f0bbd6 -> 
  custom:scripting/monoscript/fileName/cellular2D.cs: 2eb29bf877494e27d7b8d68303a33727 -> 
  custom:scripting/monoscript/fileName/MaterialIor.cs: 008f91b3f2839db3b6b8303a214d3a85 -> 
  custom:scripting/monoscript/fileName/ExportSamples.cs: ba625207e9f277138066791e21b7352b -> 
  custom:scripting/monoscript/fileName/UnsafeRingQueue.cs: beeb81b22bb86e018042f1eea3e37e38 -> 
  custom:scripting/monoscript/fileName/MaterialSheen.cs: 7955488dc87635b50681eabfc827a307 -> 
  custom:scripting/monoscript/fileName/GltfMaterialExporter.cs: f0ed352b70dc5e251752bc095e736163 -> 
  custom:scripting/monoscript/fileName/GltfWriter.cs: 98e60ad1627564ffdc9e6646313d4670 -> 
  custom:scripting/monoscript/fileName/double2x3.gen.cs: 2fbeb18c538397a8260f5c41cab0741e -> 
  custom:scripting/monoscript/fileName/Mathematics.cs: 96564f777d893219579f7cd1fafa7e92 -> 
  custom:scripting/monoscript/fileName/SpotLight.cs: e227f39b3ab57e6b59c680a013431919 -> 
  custom:scripting/monoscript/fileName/GltfBoundsAsset.cs: 2b74840d299e7959da9ff7911af818d7 -> 
  custom:scripting/monoscript/fileName/DracoExportSettings.cs: a65c16d08cd77d14b9decb8f9315341e -> 
  custom:scripting/monoscript/fileName/int3x4.gen.cs: 8460bfcadb3ac350c26daa6b9595294c -> 
  custom:scripting/precompiled-assembly-types:Mono.Cecil.Pdb: bc7bb29408e7956d980310bdeff8d6a2 -> 
  custom:scripting/monoscript/fileName/noise4D.cs: 2eb29bf877494e27d7b8d68303a33727 -> 
  custom:scripting/monoscript/fileName/NativeParallelHashMapExtensions.cs: 462869b482cb0a426c099c8676c75416 -> 
  custom:scripting/monoscript/fileName/psrdnoise2D.cs: 2eb29bf877494e27d7b8d68303a33727 -> 
  custom:scripting/monoscript/fileName/FixedStringUtils.cs: 114eb023c5774372990da700f8c2456f -> 
  custom:scripting/monoscript/fileName/BurstILPostProcessor.cs: caa97838ab13c1add4a98ae3f9820b7e -> 
  custom:scripting/monoscript/fileName/F16C.cs: 790f25d56fba1e7a48c0a0766c0ad6a6 -> 
  custom:scripting/monoscript/fileName/MaterialsVariantsComponentInspector.cs: 614932170ea7db11940db7f76f9cdf64 -> 
  custom:scripting/monoscript/fileName/UninterruptedDefaultDeferAgent.cs: 7db7e6ab13629c614ccdddbd539069da -> 
  custom:scripting/monoscript/fileName/Mesh.cs: 8833067bc1339aa2745ca3fc406d29d8 -> 
  custom:scripting/monoscript/fileName/MaterialsVariantsControl.cs: 59bc868bd16062e042a80c4d6ebcc7bf -> 
  custom:scripting/monoscript/fileName/VertexBufferColors.cs: bd35d9562d4dcd12b4ea7fa4d9e09c08 -> 
  custom:scripting/monoscript/fileName/NativeBitArray.cs: 744f6e29d77560522710809b14557136 -> 
  custom:scripting/precompiled-assembly-types:Unity.Collections.LowLevel.ILSupport: fc98657c35e94db2b30cdf006548cc51 -> 
  custom:scripting/monoscript/fileName/LightPunctualExtension.cs: de1fc4d7452178fa7eb8147591d8cbf0 -> 
  custom:scripting/monoscript/fileName/MeshGpuInstancing.cs: bb1b6dad3adb23e6dfce9503cf072df8 -> 
  custom:scripting/monoscript/fileName/AccessorSparseIndices.cs: 485e9bc8129ad7f0d81fd0e84e22bbf6 -> 
  custom:scripting/monoscript/fileName/GameObjectExport.cs: 60a01934e86ce4859ca1af6202ef19cd -> 
  custom:scripting/monoscript/fileName/QuaternionDrawer.cs: 11323f18a038f5e869f0b55e53c54a31 -> 
  custom:scripting/monoscript/fileName/Memory.cs: 24fa5e8e684139a9a6b2bb764c620a28 -> 
  custom:scripting/monoscript/fileName/Sampler.cs: ffc32cc417e33d78f282ab91da07e3b9 -> 
  custom:scripting/monoscript/fileName/xxHash3.StreamingState.cs: 73af6f62e3ccfaecb2c43562b8c60a23 -> 
  custom:scripting/monoscript/fileName/UnsafeList.cs: d4153fc6c06f3c788b1e8373e28421fd -> 
  custom:scripting/monoscript/fileName/BurstAssemblyDisable.cs: b6ce5635cda12e16b9d3052a32a53ef4 -> 
  custom:scripting/monoscript/fileName/CollectionsExamples.cs: 5c3c7e50116fce8e4387bbf68d9603e4 -> 
  custom:scripting/monoscript/fileName/common.cs: 2eb29bf877494e27d7b8d68303a33727 -> 
  custom:scripting/monoscript/fileName/Skin.cs: 542cfa792531b11242f6d668bc2c5b64 -> 
  custom:audio-encoder-webm-vorbis: bf7c407c2cedff20999df2af8eb42d56 -> 
  custom:scripting/monoscript/fileName/uint2x2.gen.cs: ef58eafb69337704525106c30b2f9c86 -> 
  custom:scripting/monoscript/fileName/BurstString.Float.cs: f7cf2d4ac32cd23a2133a777bc8e9bdf -> 
  custom:scripting/monoscript/fileName/ConsoleLogger.cs: c8f9af3c4855974e7aef96b16abf133a -> 
  custom:scripting/monoscript/fileName/Constants.cs: 5e19a32b82bd1f625ff19d335d68350e -> 
  custom:scripting/monoscript/fileName/MaterialExtensions.cs: ba411762abdeb403a3e3629e15988e9a -> 
  custom:scripting/monoscript/fileName/float3x3.gen.cs: 48f350102ac697de2455487383306e62 -> 
  custom:scripting/monoscript/fileName/BurstCompilerOptions.cs: 462794c2cc7370a72a60909850bd4bd6 -> 
  custom:scripting/monoscript/fileName/float2.gen.cs: 6120954cdb3e1af6bb1e798ca56424e4 -> 
  custom:scripting/monoscript/fileName/NormalTextureInfo.cs: 01a9ae6529333277a7823b532beb4947 -> 
  custom:scripting/monoscript/fileName/bool3x3.gen.cs: f3dd982fcc1d0b33ec635c43c306a1b8 -> 
  custom:scripting/monoscript/fileName/IGltfReadable.cs: abe4512c94cf3943a622f7dc4b3559ac -> 
  custom:scripting/monoscript/fileName/LongTextArea.cs: 4c687402ecd5f2af3a470023aff89eca -> 
  custom:scripting/monoscript/fileName/BurstDisassembler.Core.LLVMIR.info.cs: b15d06942db1ac71042be253eef84e7f -> 
  custom:scripting/monoscript/fileName/NormalImageExport.cs: fb6b6997677927812a129506d5252ba9 -> 
  custom:scripting/monoscript/fileName/NEON_AArch64_dotprod.cs: 68ba95faf7f0f0403852fb6af2a2f956 -> 
  custom:scripting/monoscript/fileName/BuiltInShaderGUI.cs: 12e6eaca736a75c699b528574dce79a8 -> 
  custom:scripting/monoscript/fileName/NativeParallelHashSetExtensions.gen.cs: 63db070ab3fd6601a2653ee7ef6af335 -> 
  custom:scripting/monoscript/fileName/BurstStringSearch.cs: 69d0ecca394873c1593eee16bae2761c -> 
  custom:scripting/monoscript/fileName/GameObjectSceneInstance.cs: 2727177b21346c85bffd447d1d6f0d0b -> 
  custom:scripting/monoscript/fileName/xxHash3.cs: d876f695d67b3d527466020445c50eb8 -> 
  custom:scripting/monoscript/fileName/double4x2.gen.cs: 530f8410a1ca9a96d8c16e723573cfae -> 
  custom:scripting/precompiled-assembly-types:glTFast: 81ef0908201ce1696bb8b9b70bde8932 -> 
  custom:scripting/monoscript/fileName/Attributes.cs: d94dab8e1cad1d516625e289629ba937 -> 9d3861389974f0823e7e341aa6c23dae
  custom:scripting/monoscript/fileName/Texture.cs: 24be8a01bc46b35c86594fb2c3cbdec9 -> 
  custom:scripting/monoscript/fileName/DebugView.cs: 0cdf409b5aa8d4c25876d72b5c6a3b60 -> 
  custom:scripting/monoscript/fileName/UnsafeText.cs: 252c4eef6eb1893b89e3a585d7b05a84 -> 
  custom:scripting/monoscript/fileName/PrimitiveVectorDrawer.cs: 3e4cc385215599322653e09117c642ee -> 
  custom:scripting/monoscript/fileName/Node.cs: a088988db51903ee7079d1a75099d7b9 -> 
  custom:scripting/monoscript/fileName/MenuEntries.cs: a2e0c91c0d02dccfd892abf4b35a4a4b -> 
  custom:scripting/monoscript/fileName/AsyncHelpers.cs: 4525547bc05eb6cead8612a9f6acf9c6 -> 
  custom:scripting/monoscript/fileName/Sse4_1.cs: 790f25d56fba1e7a48c0a0766c0ad6a6 -> 
  custom:scripting/monoscript/fileName/BurstString.cs: f7cf2d4ac32cd23a2133a777bc8e9bdf -> 
  custom:scripting/monoscript/fileName/IMaterialProvider.cs: 5b51ebed5ec179d3f037d2c9e54f24c6 -> 
  custom:scripting/monoscript/fileName/ListExtensions.cs: 0f96dfdcfd19dc46bb3b974629f04481 -> 
  custom:scripting/monoscript/fileName/CollectionHelper.cs: f2f5ea727aa85849eaae278bca48a36c -> 
  custom:scripting/monoscript/fileName/ILPostProcessing.cs: bf24e0d53d12752a069f04d5a4bfdf42 -> 
  custom:scripting/monoscript/fileName/Buffer.cs: 118f1fc388c6f471c11b170ced777143 -> 
  custom:scripting/precompiled-assembly-types:glTFast.Newtonsoft: bae848875a35fe96f09fcc9f4e534600 -> 
========================================================================
Received Import Request.
  Time since last request: 146.868901 seconds.
  path: Assets/Models/minecraft_village/scene.gltf
  artifactKey: Guid(b40d9bb87957f55c18d3564df44a6e6d) Importer(815301076,1909f56bfc062723c751e8b465ee728b)
Start importing Assets/Models/minecraft_village/scene.gltf using Guid(b40d9bb87957f55c18d3564df44a6e6d) Importer(815301076,1909f56bfc062723c751e8b465ee728b) [PhysX] Initialized MultithreadedTaskDispatcher with 8 workers.
[PhysX] Initialized MultithreadedTaskDispatcher with 8 workers.
[PhysX] Initialized MultithreadedTaskDispatcher with 8 workers.
[PhysX] Initialized MultithreadedTaskDispatcher with 8 workers.
[PhysX] Initialized MultithreadedTaskDispatcher with 8 workers.
[PhysX] Initialized MultithreadedTaskDispatcher with 8 workers.
[PhysX] Initialized MultithreadedTaskDispatcher with 8 workers.
[PhysX] Initialized MultithreadedTaskDispatcher with 8 workers.
[PhysX] Initialized MultithreadedTaskDispatcher with 8 workers.
[PhysX] Initialized MultithreadedTaskDispatcher with 8 workers.
[PhysX] Initialized MultithreadedTaskDispatcher with 8 workers.
[PhysX] Initialized MultithreadedTaskDispatcher with 8 workers.
[PhysX] Initialized MultithreadedTaskDispatcher with 8 workers.
[PhysX] Initialized MultithreadedTaskDispatcher with 8 workers.
[PhysX] Initialized MultithreadedTaskDispatcher with 8 workers.
[PhysX] Initialized MultithreadedTaskDispatcher with 8 workers.
[PhysX] Initialized MultithreadedTaskDispatcher with 8 workers.
[PhysX] Initialized MultithreadedTaskDispatcher with 8 workers.
[PhysX] Initialized MultithreadedTaskDispatcher with 8 workers.
[PhysX] Initialized MultithreadedTaskDispatcher with 8 workers.
[PhysX] Initialized MultithreadedTaskDispatcher with 8 workers.
[PhysX] Initialized MultithreadedTaskDispatcher with 8 workers.
[PhysX] Initialized MultithreadedTaskDispatcher with 8 workers.
[PhysX] Initialized MultithreadedTaskDispatcher with 8 workers.
[PhysX] Initialized MultithreadedTaskDispatcher with 8 workers.
[PhysX] Initialized MultithreadedTaskDispatcher with 8 workers.
[PhysX] Initialized MultithreadedTaskDispatcher with 8 workers.
[PhysX] Initialized MultithreadedTaskDispatcher with 8 workers.
[PhysX] Initialized MultithreadedTaskDispatcher with 8 workers.
[PhysX] Initialized MultithreadedTaskDispatcher with 8 workers.
[PhysX] Initialized MultithreadedTaskDispatcher with 8 workers.
[PhysX] Initialized MultithreadedTaskDispatcher with 8 workers.
[PhysX] Initialized MultithreadedTaskDispatcher with 8 workers.
[PhysX] Initialized MultithreadedTaskDispatcher with 8 workers.
[PhysX] Initialized MultithreadedTaskDispatcher with 8 workers.
[PhysX] Initialized MultithreadedTaskDispatcher with 8 workers.
[PhysX] Initialized MultithreadedTaskDispatcher with 8 workers.
[PhysX] Initialized MultithreadedTaskDispatcher with 8 workers.
[PhysX] Initialized MultithreadedTaskDispatcher with 8 workers.
[PhysX] Initialized MultithreadedTaskDispatcher with 8 workers.
[PhysX] Initialized MultithreadedTaskDispatcher with 8 workers.
[PhysX] Initialized MultithreadedTaskDispatcher with 8 workers.
[PhysX] Initialized MultithreadedTaskDispatcher with 8 workers.
[PhysX] Initialized MultithreadedTaskDispatcher with 8 workers.
[PhysX] Initialized MultithreadedTaskDispatcher with 8 workers.
[PhysX] Initialized MultithreadedTaskDispatcher with 8 workers.
[PhysX] Initialized MultithreadedTaskDispatcher with 8 workers.
[PhysX] Initialized MultithreadedTaskDispatcher with 8 workers.
[PhysX] Initialized MultithreadedTaskDispatcher with 8 workers.
[PhysX] Initialized MultithreadedTaskDispatcher with 8 workers.
[PhysX] Initialized MultithreadedTaskDispatcher with 8 workers.
[PhysX] Initialized MultithreadedTaskDispatcher with 8 workers.
[PhysX] Initialized MultithreadedTaskDispatcher with 8 workers.
[PhysX] Initialized MultithreadedTaskDispatcher with 8 workers.
[PhysX] Initialized MultithreadedTaskDispatcher with 8 workers.
[PhysX] Initialized MultithreadedTaskDispatcher with 8 workers.
[PhysX] Initialized MultithreadedTaskDispatcher with 8 workers.
[PhysX] Initialized MultithreadedTaskDispatcher with 8 workers.
[PhysX] Initialized MultithreadedTaskDispatcher with 8 workers.
[PhysX] Initialized MultithreadedTaskDispatcher with 8 workers.
[PhysX] Initialized MultithreadedTaskDispatcher with 8 workers.
[PhysX] Initialized MultithreadedTaskDispatcher with 8 workers.
[PhysX] Initialized MultithreadedTaskDispatcher with 8 workers.
[PhysX] Initialized MultithreadedTaskDispatcher with 8 workers.
[PhysX] Initialized MultithreadedTaskDispatcher with 8 workers.
[PhysX] Initialized MultithreadedTaskDispatcher with 8 workers.
[PhysX] Initialized MultithreadedTaskDispatcher with 8 workers.
[PhysX] Initialized MultithreadedTaskDispatcher with 8 workers.
[PhysX] Initialized MultithreadedTaskDispatcher with 8 workers.
[PhysX] Initialized MultithreadedTaskDispatcher with 8 workers.
[PhysX] Initialized MultithreadedTaskDispatcher with 8 workers.
[PhysX] Initialized MultithreadedTaskDispatcher with 8 workers.
[PhysX] Initialized MultithreadedTaskDispatcher with 8 workers.
[PhysX] Initialized MultithreadedTaskDispatcher with 8 workers.
[PhysX] Initialized MultithreadedTaskDispatcher with 8 workers.
[PhysX] Initialized MultithreadedTaskDispatcher with 8 workers.
[PhysX] Initialized MultithreadedTaskDispatcher with 8 workers.
[PhysX] Initialized MultithreadedTaskDispatcher with 8 workers.
[PhysX] Initialized MultithreadedTaskDispatcher with 8 workers.
[PhysX] Initialized MultithreadedTaskDispatcher with 8 workers.
[PhysX] Initialized MultithreadedTaskDispatcher with 8 workers.
[PhysX] Initialized MultithreadedTaskDispatcher with 8 workers.
[PhysX] Initialized MultithreadedTaskDispatcher with 8 workers.
[PhysX] Initialized MultithreadedTaskDispatcher with 8 workers.
[PhysX] Initialized MultithreadedTaskDispatcher with 8 workers.
[PhysX] Initialized MultithreadedTaskDispatcher with 8 workers.
[PhysX] Initialized MultithreadedTaskDispatcher with 8 workers.
[PhysX] Initialized MultithreadedTaskDispatcher with 8 workers.
[PhysX] Initialized MultithreadedTaskDispatcher with 8 workers.
[PhysX] Initialized MultithreadedTaskDispatcher with 8 workers.
[PhysX] Initialized MultithreadedTaskDispatcher with 8 workers.
[PhysX] Initialized MultithreadedTaskDispatcher with 8 workers.
[PhysX] Initialized MultithreadedTaskDispatcher with 8 workers.
[PhysX] Initialized MultithreadedTaskDispatcher with 8 workers.
[PhysX] Initialized MultithreadedTaskDispatcher with 8 workers.
[PhysX] Initialized MultithreadedTaskDispatcher with 8 workers.
[PhysX] Initialized MultithreadedTaskDispatcher with 8 workers.
[PhysX] Initialized MultithreadedTaskDispatcher with 8 workers.
[PhysX] Initialized MultithreadedTaskDispatcher with 8 workers.
[PhysX] Initialized MultithreadedTaskDispatcher with 8 workers.
[PhysX] Initialized MultithreadedTaskDispatcher with 8 workers.
[PhysX] Initialized MultithreadedTaskDispatcher with 8 workers.
[PhysX] Initialized MultithreadedTaskDispatcher with 8 workers.
[PhysX] Initialized MultithreadedTaskDispatcher with 8 workers.
[PhysX] Initialized MultithreadedTaskDispatcher with 8 workers.
[PhysX] Initialized MultithreadedTaskDispatcher with 8 workers.
[PhysX] Initialized MultithreadedTaskDispatcher with 8 workers.
[PhysX] Initialized MultithreadedTaskDispatcher with 8 workers.
[PhysX] Initialized MultithreadedTaskDispatcher with 8 workers.
[PhysX] Initialized MultithreadedTaskDispatcher with 8 workers.
[PhysX] Initialized MultithreadedTaskDispatcher with 8 workers.
[PhysX] Initialized MultithreadedTaskDispatcher with 8 workers.
[PhysX] Initialized MultithreadedTaskDispatcher with 8 workers.
[PhysX] Initialized MultithreadedTaskDispatcher with 8 workers.
[PhysX] Initialized MultithreadedTaskDispatcher with 8 workers.
[PhysX] Initialized MultithreadedTaskDispatcher with 8 workers.
[PhysX] Initialized MultithreadedTaskDispatcher with 8 workers.
[PhysX] Initialized MultithreadedTaskDispatcher with 8 workers.
[PhysX] Initialized MultithreadedTaskDispatcher with 8 workers.
[PhysX] Initialized MultithreadedTaskDispatcher with 8 workers.
[PhysX] Initialized MultithreadedTaskDispatcher with 8 workers.
[PhysX] Initialized MultithreadedTaskDispatcher with 8 workers.
[PhysX] Initialized MultithreadedTaskDispatcher with 8 workers.
[PhysX] Initialized MultithreadedTaskDispatcher with 8 workers.
[PhysX] Initialized MultithreadedTaskDispatcher with 8 workers.
[PhysX] Initialized MultithreadedTaskDispatcher with 8 workers.
[PhysX] Initialized MultithreadedTaskDispatcher with 8 workers.
[PhysX] Initialized MultithreadedTaskDispatcher with 8 workers.
[PhysX] Initialized MultithreadedTaskDispatcher with 8 workers.
[PhysX] Initialized MultithreadedTaskDispatcher with 8 workers.
[PhysX] Initialized MultithreadedTaskDispatcher with 8 workers.
[PhysX] Initialized MultithreadedTaskDispatcher with 8 workers.
[PhysX] Initialized MultithreadedTaskDispatcher with 8 workers.
[PhysX] Initialized MultithreadedTaskDispatcher with 8 workers.
[PhysX] Initialized MultithreadedTaskDispatcher with 8 workers.
[PhysX] Initialized MultithreadedTaskDispatcher with 8 workers.
[PhysX] Initialized MultithreadedTaskDispatcher with 8 workers.
[PhysX] Initialized MultithreadedTaskDispatcher with 8 workers.
[PhysX] Initialized MultithreadedTaskDispatcher with 8 workers.
[PhysX] Initialized MultithreadedTaskDispatcher with 8 workers.
[PhysX] Initialized MultithreadedTaskDispatcher with 8 workers.
[PhysX] Initialized MultithreadedTaskDispatcher with 8 workers.
[PhysX] Initialized MultithreadedTaskDispatcher with 8 workers.
[PhysX] Initialized MultithreadedTaskDispatcher with 8 workers.
[PhysX] Initialized MultithreadedTaskDispatcher with 8 workers.
[PhysX] Initialized MultithreadedTaskDispatcher with 8 workers.
[PhysX] Initialized MultithreadedTaskDispatcher with 8 workers.
[PhysX] Initialized MultithreadedTaskDispatcher with 8 workers.
[PhysX] Initialized MultithreadedTaskDispatcher with 8 workers.
[PhysX] Initialized MultithreadedTaskDispatcher with 8 workers.
[PhysX] Initialized MultithreadedTaskDispatcher with 8 workers.
[PhysX] Initialized MultithreadedTaskDispatcher with 8 workers.
[PhysX] Initialized MultithreadedTaskDispatcher with 8 workers.
 -> (artifact id: '1b15a00a8ecface4f16752f9ba6096c7') in 10.307762 seconds
Number of updated asset objects reloaded before import = 0
Number of asset objects unloaded after import = 658
